2026-04-12T09:39:08.896+05:30  INFO 21816 --- [restartedMain] com.HCl.VOCLMS.VoclmsApplication         : Starting VoclmsApplication using Java 17.0.12 with PID 21816 (C:\Users\lavur\Downloads\VOCLMS-main\VOCLMS-main\target\classes started by lavur in C:\Users\lavur\Downloads\VOCLMS-main\VOCLMS-main)
2026-04-12T09:39:08.898+05:30  INFO 21816 --- [restartedMain] com.HCl.VOCLMS.VoclmsApplication         : No active profile set, falling back to 1 default profile: "default"
2026-04-12T09:39:09.677+05:30  INFO 21816 --- [restartedMain] o.apache.catalina.core.StandardService   : Starting service [Tomcat]
2026-04-12T09:39:09.678+05:30  INFO 21816 --- [restartedMain] o.apache.catalina.core.StandardEngine    : Starting Servlet engine: [Apache Tomcat/11.0.20]
2026-04-12T09:39:09.820+05:30  INFO 21816 --- [restartedMain] com.zaxxer.hikari.HikariDataSource       : HikariPool-4 - Starting...
2026-04-12T09:39:09.903+05:30  INFO 21816 --- [restartedMain] com.zaxxer.hikari.pool.HikariPool        : HikariPool-4 - Added connection org.postgresql.jdbc.PgConnection@446bdbc1
2026-04-12T09:39:09.904+05:30  INFO 21816 --- [restartedMain] com.zaxxer.hikari.HikariDataSource       : HikariPool-4 - Start completed.
2026-04-12T09:39:10.485+05:30  INFO 21816 --- [restartedMain] com.HCl.VOCLMS.VoclmsApplication         : Started VoclmsApplication in 1.716 seconds (process running for 492.319)
2026-04-12T09:40:21.133+05:30  INFO 21816 --- [Thread-13] com.zaxxer.hikari.HikariDataSource       : HikariPool-4 - Shutdown initiated...
2026-04-12T09:40:21.137+05:30  INFO 21816 --- [Thread-13] com.zaxxer.hikari.HikariDataSource       : HikariPool-4 - Shutdown completed.
2026-04-12T09:40:21.267+05:30  INFO 21816 --- [restartedMain] com.HCl.VOCLMS.VoclmsApplication         : Starting VoclmsApplication using Java 17.0.12 with PID 21816 (C:\Users\lavur\Downloads\VOCLMS-main\VOCLMS-main\target\classes started by lavur in C:\Users\lavur\Downloads\VOCLMS-main\VOCLMS-main)
2026-04-12T09:40:21.268+05:30  INFO 21816 --- [restartedMain] com.HCl.VOCLMS.VoclmsApplication         : No active profile set, falling back to 1 default profile: "default"
2026-04-12T09:40:21.573+05:30  INFO 21816 --- [restartedMain] o.apache.catalina.core.StandardService   : Starting service [Tomcat]
2026-04-12T09:40:21.574+05:30  INFO 21816 --- [restartedMain] o.apache.catalina.core.StandardEngine    : Starting Servlet engine: [Apache Tomcat/11.0.20]
2026-04-12T09:40:21.690+05:30  INFO 21816 --- [restartedMain] com.zaxxer.hikari.HikariDataSource       : HikariPool-5 - Starting...
2026-04-12T09:40:21.789+05:30  INFO 21816 --- [restartedMain] com.zaxxer.hikari.pool.HikariPool        : HikariPool-5 - Added connection org.postgresql.jdbc.PgConnection@4c103ae1
2026-04-12T09:40:21.789+05:30  INFO 21816 --- [restartedMain] com.zaxxer.hikari.HikariDataSource       : HikariPool-5 - Start completed.
2026-04-12T09:40:22.189+05:30  INFO 21816 --- [restartedMain] com.HCl.VOCLMS.VoclmsApplication         : Started VoclmsApplication in 0.979 seconds (process running for 564.025)
2026-04-12T09:40:25.989+05:30  INFO 21816 --- [Thread-17] com.zaxxer.hikari.HikariDataSource       : HikariPool-5 - Shutdown initiated...
2026-04-12T09:40:26.002+05:30  INFO 21816 --- [Thread-17] com.zaxxer.hikari.HikariDataSource       : HikariPool-5 - Shutdown completed.
2026-04-12T09:40:26.106+05:30  INFO 21816 --- [restartedMain] com.HCl.VOCLMS.VoclmsApplication         : Starting VoclmsApplication using Java 17.0.12 with PID 21816 (C:\Users\lavur\Downloads\VOCLMS-main\VOCLMS-main\target\classes started by lavur in C:\Users\lavur\Downloads\VOCLMS-main\VOCLMS-main)
2026-04-12T09:40:26.107+05:30  INFO 21816 --- [restartedMain] com.HCl.VOCLMS.VoclmsApplication         : No active profile set, falling back to 1 default profile: "default"
2026-04-12T09:40:26.435+05:30  INFO 21816 --- [restartedMain] o.apache.catalina.core.StandardService   : Starting service [Tomcat]
2026-04-12T09:40:26.436+05:30  INFO 21816 --- [restartedMain] o.apache.catalina.core.StandardEngine    : Starting Servlet engine: [Apache Tomcat/11.0.20]
2026-04-12T09:40:26.527+05:30  INFO 21816 --- [restartedMain] com.zaxxer.hikari.HikariDataSource       : HikariPool-6 - Starting...
2026-04-12T09:40:26.597+05:30  INFO 21816 --- [restartedMain] com.zaxxer.hikari.pool.HikariPool        : HikariPool-6 - Added connection org.postgresql.jdbc.PgConnection@1e08459b
2026-04-12T09:40:26.598+05:30  INFO 21816 --- [restartedMain] com.zaxxer.hikari.HikariDataSource       : HikariPool-6 - Start completed.
2026-04-12T09:40:27.148+05:30  INFO 21816 --- [restartedMain] com.HCl.VOCLMS.VoclmsApplication         : Started VoclmsApplication in 1.075 seconds (process running for 568.983)
2026-04-12T09:40:43.133+05:30  INFO 21816 --- [http-nio-8080-exec-1] o.a.c.c.C.[Tomcat].[localhost].[/]       : Initializing Spring DispatcherServlet 'dispatcherServlet'
2026-04-12T09:41:00.552+05:30  INFO 21816 --- [Thread-21] com.zaxxer.hikari.HikariDataSource       : HikariPool-6 - Shutdown initiated...
2026-04-12T09:41:00.556+05:30  INFO 21816 --- [Thread-21] com.zaxxer.hikari.HikariDataSource       : HikariPool-6 - Shutdown completed.
2026-04-12T09:41:00.689+05:30  INFO 21816 --- [restartedMain] com.HCl.VOCLMS.VoclmsApplication         : Starting VoclmsApplication using Java 17.0.12 with PID 21816 (C:\Users\lavur\Downloads\VOCLMS-main\VOCLMS-main\target\classes started by lavur in C:\Users\lavur\Downloads\VOCLMS-main\VOCLMS-main)
2026-04-12T09:41:00.689+05:30  INFO 21816 --- [restartedMain] com.HCl.VOCLMS.VoclmsApplication         : No active profile set, falling back to 1 default profile: "default"
2026-04-12T09:41:01.056+05:30  INFO 21816 --- [restartedMain] o.apache.catalina.core.StandardService   : Starting service [Tomcat]
2026-04-12T09:41:01.056+05:30  INFO 21816 --- [restartedMain] o.apache.catalina.core.StandardEngine    : Starting Servlet engine: [Apache Tomcat/11.0.20]
2026-04-12T09:41:01.159+05:30  INFO 21816 --- [restartedMain] com.zaxxer.hikari.HikariDataSource       : HikariPool-7 - Starting...
2026-04-12T09:41:01.224+05:30  INFO 21816 --- [restartedMain] com.zaxxer.hikari.pool.HikariPool        : HikariPool-7 - Added connection org.postgresql.jdbc.PgConnection@57f07de6
2026-04-12T09:41:01.225+05:30  INFO 21816 --- [restartedMain] com.zaxxer.hikari.HikariDataSource       : HikariPool-7 - Start completed.
2026-04-12T09:41:01.742+05:30  INFO 21816 --- [restartedMain] com.HCl.VOCLMS.VoclmsApplication         : Started VoclmsApplication in 1.099 seconds (process running for 603.576)
2026-04-12T09:41:46.970+05:30  INFO 21816 --- [http-nio-8080-exec-1] o.a.c.c.C.[Tomcat].[localhost].[/]       : Initializing Spring DispatcherServlet 'dispatcherServlet'
2026-04-12T09:54:50.683+05:30  INFO 21816 --- [Thread-25] com.zaxxer.hikari.HikariDataSource       : HikariPool-7 - Shutdown initiated...
2026-04-12T09:54:50.704+05:30  INFO 21816 --- [Thread-25] com.zaxxer.hikari.HikariDataSource       : HikariPool-7 - Shutdown completed.
2026-04-12T09:54:50.825+05:30  INFO 21816 --- [restartedMain] com.HCl.VOCLMS.VoclmsApplication         : Starting VoclmsApplication using Java 17.0.12 with PID 21816 (C:\Users\lavur\Downloads\VOCLMS-main\VOCLMS-main\target\classes started by lavur in C:\Users\lavur\Downloads\VOCLMS-main\VOCLMS-main)
2026-04-12T09:54:50.826+05:30  INFO 21816 --- [restartedMain] com.HCl.VOCLMS.VoclmsApplication         : No active profile set, falling back to 1 default profile: "default"
2026-04-12T09:54:51.224+05:30  INFO 21816 --- [restartedMain] o.apache.catalina.core.StandardService   : Starting service [Tomcat]
2026-04-12T09:54:51.224+05:30  INFO 21816 --- [restartedMain] o.apache.catalina.core.StandardEngine    : Starting Servlet engine: [Apache Tomcat/11.0.20]
2026-04-12T09:54:51.387+05:30  INFO 21816 --- [restartedMain] com.zaxxer.hikari.HikariDataSource       : HikariPool-8 - Starting...
2026-04-12T09:54:51.492+05:30  INFO 21816 --- [restartedMain] com.zaxxer.hikari.pool.HikariPool        : HikariPool-8 - Added connection org.postgresql.jdbc.PgConnection@4e473d6a
2026-04-12T09:54:51.495+05:30  INFO 21816 --- [restartedMain] com.zaxxer.hikari.HikariDataSource       : HikariPool-8 - Start completed.
2026-04-12T09:54:52.752+05:30  INFO 21816 --- [restartedMain] com.HCl.VOCLMS.VoclmsApplication         : Started VoclmsApplication in 1.965 seconds (process running for 1434.586)
2026-04-12T09:54:54.195+05:30  INFO 21816 --- [Thread-29] com.zaxxer.hikari.HikariDataSource       : HikariPool-8 - Shutdown initiated...
2026-04-12T09:54:54.199+05:30  INFO 21816 --- [Thread-29] com.zaxxer.hikari.HikariDataSource       : HikariPool-8 - Shutdown completed.
2026-04-12T09:54:54.313+05:30  INFO 21816 --- [restartedMain] com.HCl.VOCLMS.VoclmsApplication         : Starting VoclmsApplication using Java 17.0.12 with PID 21816 (C:\Users\lavur\Downloads\VOCLMS-main\VOCLMS-main\target\classes started by lavur in C:\Users\lavur\Downloads\VOCLMS-main\VOCLMS-main)
2026-04-12T09:54:54.314+05:30  INFO 21816 --- [restartedMain] com.HCl.VOCLMS.VoclmsApplication         : No active profile set, falling back to 1 default profile: "default"
2026-04-12T09:54:54.742+05:30  INFO 21816 --- [restartedMain] o.apache.catalina.core.StandardService   : Starting service [Tomcat]
2026-04-12T09:54:54.743+05:30  INFO 21816 --- [restartedMain] o.apache.catalina.core.StandardEngine    : Starting Servlet engine: [Apache Tomcat/11.0.20]
2026-04-12T09:54:54.845+05:30  INFO 21816 --- [restartedMain] com.zaxxer.hikari.HikariDataSource       : HikariPool-9 - Starting...
2026-04-12T09:54:54.944+05:30  INFO 21816 --- [restartedMain] com.zaxxer.hikari.pool.HikariPool        : HikariPool-9 - Added connection org.postgresql.jdbc.PgConnection@125a80cb
2026-04-12T09:54:54.944+05:30  INFO 21816 --- [restartedMain] com.zaxxer.hikari.HikariDataSource       : HikariPool-9 - Start completed.
2026-04-12T09:54:55.561+05:30  INFO 21816 --- [restartedMain] com.HCl.VOCLMS.VoclmsApplication         : Started VoclmsApplication in 1.28 seconds (process running for 1437.396)
2026-04-12T09:56:17.408+05:30  INFO 21816 --- [http-nio-8080-exec-1] o.a.c.c.C.[Tomcat].[localhost].[/]       : Initializing Spring DispatcherServlet 'dispatcherServlet'
2026-04-12T10:06:47.293+05:30  INFO 21816 --- [Thread-33] com.zaxxer.hikari.HikariDataSource       : HikariPool-9 - Shutdown initiated...
2026-04-12T10:06:47.305+05:30  INFO 21816 --- [Thread-33] com.zaxxer.hikari.HikariDataSource       : HikariPool-9 - Shutdown completed.
2026-04-12T10:06:47.437+05:30  INFO 21816 --- [restartedMain] com.HCl.VOCLMS.VoclmsApplication         : Starting VoclmsApplication using Java 17.0.12 with PID 21816 (C:\Users\lavur\Downloads\VOCLMS-main\VOCLMS-main\target\classes started by lavur in C:\Users\lavur\Downloads\VOCLMS-main\VOCLMS-main)
2026-04-12T10:06:47.437+05:30  INFO 21816 --- [restartedMain] com.HCl.VOCLMS.VoclmsApplication         : No active profile set, falling back to 1 default profile: "default"
2026-04-12T10:06:47.851+05:30  INFO 21816 --- [restartedMain] o.apache.catalina.core.StandardService   : Starting service [Tomcat]
2026-04-12T10:06:47.851+05:30  INFO 21816 --- [restartedMain] o.apache.catalina.core.StandardEngine    : Starting Servlet engine: [Apache Tomcat/11.0.20]
2026-04-12T10:06:47.982+05:30  INFO 21816 --- [restartedMain] com.zaxxer.hikari.HikariDataSource       : HikariPool-10 - Starting...
2026-04-12T10:06:48.066+05:30  INFO 21816 --- [restartedMain] com.zaxxer.hikari.pool.HikariPool        : HikariPool-10 - Added connection org.postgresql.jdbc.PgConnection@2bc5c6aa
2026-04-12T10:06:48.066+05:30  INFO 21816 --- [restartedMain] com.zaxxer.hikari.HikariDataSource       : HikariPool-10 - Start completed.
2026-04-12T10:06:48.852+05:30  INFO 21816 --- [restartedMain] com.HCl.VOCLMS.VoclmsApplication         : Started VoclmsApplication in 1.455 seconds (process running for 2150.687)
2026-04-12T10:06:54.877+05:30  INFO 21816 --- [Thread-37] com.zaxxer.hikari.HikariDataSource       : HikariPool-10 - Shutdown initiated...
2026-04-12T10:06:54.890+05:30  INFO 21816 --- [Thread-37] com.zaxxer.hikari.HikariDataSource       : HikariPool-10 - Shutdown completed.
2026-04-12T10:06:55.041+05:30  INFO 21816 --- [restartedMain] com.HCl.VOCLMS.VoclmsApplication         : Starting VoclmsApplication using Java 17.0.12 with PID 21816 (C:\Users\lavur\Downloads\VOCLMS-main\VOCLMS-main\target\classes started by lavur in C:\Users\lavur\Downloads\VOCLMS-main\VOCLMS-main)
2026-04-12T10:06:55.042+05:30  INFO 21816 --- [restartedMain] com.HCl.VOCLMS.VoclmsApplication         : No active profile set, falling back to 1 default profile: "default"
2026-04-12T10:06:55.656+05:30  INFO 21816 --- [restartedMain] o.apache.catalina.core.StandardService   : Starting service [Tomcat]
2026-04-12T10:06:55.656+05:30  INFO 21816 --- [restartedMain] o.apache.catalina.core.StandardEngine    : Starting Servlet engine: [Apache Tomcat/11.0.20]
2026-04-12T10:06:55.784+05:30  INFO 21816 --- [restartedMain] com.zaxxer.hikari.HikariDataSource       : HikariPool-11 - Starting...
2026-04-12T10:06:55.899+05:30  INFO 21816 --- [restartedMain] com.zaxxer.hikari.pool.HikariPool        : HikariPool-11 - Added connection org.postgresql.jdbc.PgConnection@1c28b16e
2026-04-12T10:06:55.899+05:30  INFO 21816 --- [restartedMain] com.zaxxer.hikari.HikariDataSource       : HikariPool-11 - Start completed.
2026-04-12T10:06:56.452+05:30  INFO 21816 --- [restartedMain] com.HCl.VOCLMS.VoclmsApplication         : Started VoclmsApplication in 1.454 seconds (process running for 2158.287)
2026-04-12T10:08:20.715+05:30  INFO 21816 --- [http-nio-8080-exec-1] o.a.c.c.C.[Tomcat].[localhost].[/]       : Initializing Spring DispatcherServlet 'dispatcherServlet'
2026-04-12T10:13:24.443+05:30  INFO 21816 --- [Thread-41] com.zaxxer.hikari.HikariDataSource       : HikariPool-11 - Shutdown initiated...
2026-04-12T10:13:24.462+05:30  INFO 21816 --- [Thread-41] com.zaxxer.hikari.HikariDataSource       : HikariPool-11 - Shutdown completed.
2026-04-12T10:13:24.629+05:30  INFO 21816 --- [restartedMain] com.HCl.VOCLMS.VoclmsApplication         : Starting VoclmsApplication using Java 17.0.12 with PID 21816 (C:\Users\lavur\Downloads\VOCLMS-main\VOCLMS-main\target\classes started by lavur in C:\Users\lavur\Downloads\VOCLMS-main\VOCLMS-main)
2026-04-12T10:13:24.630+05:30  INFO 21816 --- [restartedMain] com.HCl.VOCLMS.VoclmsApplication         : No active profile set, falling back to 1 default profile: "default"
2026-04-12T10:13:25.369+05:30  INFO 21816 --- [restartedMain] o.apache.catalina.core.StandardService   : Starting service [Tomcat]
2026-04-12T10:13:25.370+05:30  INFO 21816 --- [restartedMain] o.apache.catalina.core.StandardEngine    : Starting Servlet engine: [Apache Tomcat/11.0.20]
2026-04-12T10:13:25.514+05:30  INFO 21816 --- [restartedMain] com.zaxxer.hikari.HikariDataSource       : HikariPool-12 - Starting...
2026-04-12T10:13:25.616+05:30  INFO 21816 --- [restartedMain] com.zaxxer.hikari.pool.HikariPool        : HikariPool-12 - Added connection org.postgresql.jdbc.PgConnection@102fd69f
2026-04-12T10:13:25.616+05:30  INFO 21816 --- [restartedMain] com.zaxxer.hikari.HikariDataSource       : HikariPool-12 - Start completed.
2026-04-12T10:13:26.501+05:30  INFO 21816 --- [restartedMain] com.HCl.VOCLMS.VoclmsApplication         : Started VoclmsApplication in 1.929 seconds (process running for 2548.337)
2026-04-12T10:13:28.016+05:30  INFO 21816 --- [Thread-45] com.zaxxer.hikari.HikariDataSource       : HikariPool-12 - Shutdown initiated...
2026-04-12T10:13:28.019+05:30  INFO 21816 --- [Thread-45] com.zaxxer.hikari.HikariDataSource       : HikariPool-12 - Shutdown completed.
2026-04-12T10:13:28.150+05:30  INFO 21816 --- [restartedMain] com.HCl.VOCLMS.VoclmsApplication         : Starting VoclmsApplication using Java 17.0.12 with PID 21816 (C:\Users\lavur\Downloads\VOCLMS-main\VOCLMS-main\target\classes started by lavur in C:\Users\lavur\Downloads\VOCLMS-main\VOCLMS-main)
2026-04-12T10:13:28.151+05:30  INFO 21816 --- [restartedMain] com.HCl.VOCLMS.VoclmsApplication         : No active profile set, falling back to 1 default profile: "default"
2026-04-12T10:13:28.613+05:30  INFO 21816 --- [restartedMain] o.apache.catalina.core.StandardService   : Starting service [Tomcat]
2026-04-12T10:13:28.613+05:30  INFO 21816 --- [restartedMain] o.apache.catalina.core.StandardEngine    : Starting Servlet engine: [Apache Tomcat/11.0.20]
2026-04-12T10:13:28.757+05:30  INFO 21816 --- [restartedMain] com.zaxxer.hikari.HikariDataSource       : HikariPool-13 - Starting...
2026-04-12T10:13:28.864+05:30  INFO 21816 --- [restartedMain] com.zaxxer.hikari.pool.HikariPool        : HikariPool-13 - Added connection org.postgresql.jdbc.PgConnection@3f2beee5
2026-04-12T10:13:28.865+05:30  INFO 21816 --- [restartedMain] com.zaxxer.hikari.HikariDataSource       : HikariPool-13 - Start completed.
2026-04-12T10:13:29.462+05:30  INFO 21816 --- [restartedMain] com.HCl.VOCLMS.VoclmsApplication         : Started VoclmsApplication in 1.357 seconds (process running for 2551.297)
2026-04-12T10:14:53.784+05:30  INFO 21816 --- [http-nio-8080-exec-1] o.a.c.c.C.[Tomcat].[localhost].[/]       : Initializing Spring DispatcherServlet 'dispatcherServlet'
2026-04-12T11:17:14.972+05:30  WARN 21816 --- [HikariPool-13:housekeeper] com.zaxxer.hikari.pool.HikariPool        : HikariPool-13 - Thread starvation or clock leap detected (housekeeper delta=1h1m45s977ms581µs).
2026-04-12T11:35:26.477+05:30  INFO 21816 --- [Thread-49] com.zaxxer.hikari.HikariDataSource       : HikariPool-13 - Shutdown initiated...
2026-04-12T11:35:26.497+05:30  INFO 21816 --- [Thread-49] com.zaxxer.hikari.HikariDataSource       : HikariPool-13 - Shutdown completed.
2026-04-12T11:35:26.861+05:30  INFO 21816 --- [restartedMain] com.HCl.VOCLMS.VoclmsApplication         : Starting VoclmsApplication using Java 17.0.12 with PID 21816 (C:\Users\lavur\Downloads\VOCLMS-main\VOCLMS-main\target\classes started by lavur in C:\Users\lavur\Downloads\VOCLMS-main\VOCLMS-main)
2026-04-12T11:35:26.864+05:30  INFO 21816 --- [restartedMain] com.HCl.VOCLMS.VoclmsApplication         : No active profile set, falling back to 1 default profile: "default"
2026-04-12T11:35:27.875+05:30  INFO 21816 --- [restartedMain] o.apache.catalina.core.StandardService   : Starting service [Tomcat]
2026-04-12T11:35:27.876+05:30  INFO 21816 --- [restartedMain] o.apache.catalina.core.StandardEngine    : Starting Servlet engine: [Apache Tomcat/11.0.20]
2026-04-12T11:35:28.002+05:30  INFO 21816 --- [restartedMain] com.zaxxer.hikari.HikariDataSource       : HikariPool-14 - Starting...
2026-04-12T11:35:28.095+05:30  INFO 21816 --- [restartedMain] com.zaxxer.hikari.pool.HikariPool        : HikariPool-14 - Added connection org.postgresql.jdbc.PgConnection@5f18524b
2026-04-12T11:35:28.096+05:30  INFO 21816 --- [restartedMain] com.zaxxer.hikari.HikariDataSource       : HikariPool-14 - Start completed.
2026-04-12T11:35:28.999+05:30  INFO 21816 --- [restartedMain] com.HCl.VOCLMS.VoclmsApplication         : Started VoclmsApplication in 2.218 seconds (process running for 7470.835)
2026-04-12T11:35:30.463+05:30  INFO 21816 --- [Thread-53] com.zaxxer.hikari.HikariDataSource       : HikariPool-14 - Shutdown initiated...
2026-04-12T11:35:30.466+05:30  INFO 21816 --- [Thread-53] com.zaxxer.hikari.HikariDataSource       : HikariPool-14 - Shutdown completed.
2026-04-12T11:35:30.579+05:30  INFO 21816 --- [restartedMain] com.HCl.VOCLMS.VoclmsApplication         : Starting VoclmsApplication using Java 17.0.12 with PID 21816 (C:\Users\lavur\Downloads\VOCLMS-main\VOCLMS-main\target\classes started by lavur in C:\Users\lavur\Downloads\VOCLMS-main\VOCLMS-main)
2026-04-12T11:35:30.579+05:30  INFO 21816 --- [restartedMain] com.HCl.VOCLMS.VoclmsApplication         : No active profile set, falling back to 1 default profile: "default"
2026-04-12T11:35:30.978+05:30  INFO 21816 --- [restartedMain] o.apache.catalina.core.StandardService   : Starting service [Tomcat]
2026-04-12T11:35:30.979+05:30  INFO 21816 --- [restartedMain] o.apache.catalina.core.StandardEngine    : Starting Servlet engine: [Apache Tomcat/11.0.20]
2026-04-12T11:35:31.092+05:30  INFO 21816 --- [restartedMain] com.zaxxer.hikari.HikariDataSource       : HikariPool-15 - Starting...
2026-04-12T11:35:31.183+05:30  INFO 21816 --- [restartedMain] com.zaxxer.hikari.pool.HikariPool        : HikariPool-15 - Added connection org.postgresql.jdbc.PgConnection@1320b3ff
2026-04-12T11:35:31.184+05:30  INFO 21816 --- [restartedMain] com.zaxxer.hikari.HikariDataSource       : HikariPool-15 - Start completed.
2026-04-12T11:35:31.694+05:30  INFO 21816 --- [restartedMain] com.HCl.VOCLMS.VoclmsApplication         : Started VoclmsApplication in 1.145 seconds (process running for 7473.529)
2026-04-12T11:37:14.256+05:30  INFO 21816 --- [Thread-57] com.zaxxer.hikari.HikariDataSource       : HikariPool-15 - Shutdown initiated...
2026-04-12T11:37:14.259+05:30  INFO 21816 --- [Thread-57] com.zaxxer.hikari.HikariDataSource       : HikariPool-15 - Shutdown completed.
2026-04-12T11:37:14.376+05:30  INFO 21816 --- [restartedMain] com.HCl.VOCLMS.VoclmsApplication         : Starting VoclmsApplication using Java 17.0.12 with PID 21816 (C:\Users\lavur\Downloads\VOCLMS-main\VOCLMS-main\target\classes started by lavur in C:\Users\lavur\Downloads\VOCLMS-main\VOCLMS-main)
2026-04-12T11:37:14.377+05:30  INFO 21816 --- [restartedMain] com.HCl.VOCLMS.VoclmsApplication         : No active profile set, falling back to 1 default profile: "default"
2026-04-12T11:37:14.695+05:30  INFO 21816 --- [restartedMain] o.apache.catalina.core.StandardService   : Starting service [Tomcat]
2026-04-12T11:37:14.695+05:30  INFO 21816 --- [restartedMain] o.apache.catalina.core.StandardEngine    : Starting Servlet engine: [Apache Tomcat/11.0.20]
2026-04-12T11:37:14.841+05:30  INFO 21816 --- [restartedMain] com.zaxxer.hikari.HikariDataSource       : HikariPool-16 - Starting...
2026-04-12T11:37:14.954+05:30  INFO 21816 --- [restartedMain] com.zaxxer.hikari.pool.HikariPool        : HikariPool-16 - Added connection org.postgresql.jdbc.PgConnection@1ad212e1
2026-04-12T11:37:14.955+05:30  INFO 21816 --- [restartedMain] com.zaxxer.hikari.HikariDataSource       : HikariPool-16 - Start completed.
2026-04-12T11:37:15.315+05:30  INFO 21816 --- [restartedMain] com.HCl.VOCLMS.VoclmsApplication         : Started VoclmsApplication in 0.977 seconds (process running for 7577.15)
2026-04-12T11:37:19.142+05:30  INFO 21816 --- [Thread-61] com.zaxxer.hikari.HikariDataSource       : HikariPool-16 - Shutdown initiated...
2026-04-12T11:37:19.149+05:30  INFO 21816 --- [Thread-61] com.zaxxer.hikari.HikariDataSource       : HikariPool-16 - Shutdown completed.
2026-04-12T11:37:19.258+05:30  INFO 21816 --- [restartedMain] com.HCl.VOCLMS.VoclmsApplication         : Starting VoclmsApplication using Java 17.0.12 with PID 21816 (C:\Users\lavur\Downloads\VOCLMS-main\VOCLMS-main\target\classes started by lavur in C:\Users\lavur\Downloads\VOCLMS-main\VOCLMS-main)
2026-04-12T11:37:19.258+05:30  INFO 21816 --- [restartedMain] com.HCl.VOCLMS.VoclmsApplication         : No active profile set, falling back to 1 default profile: "default"
2026-04-12T11:37:19.589+05:30  INFO 21816 --- [restartedMain] o.apache.catalina.core.StandardService   : Starting service [Tomcat]
2026-04-12T11:37:19.590+05:30  INFO 21816 --- [restartedMain] o.apache.catalina.core.StandardEngine    : Starting Servlet engine: [Apache Tomcat/11.0.20]
2026-04-12T11:37:19.677+05:30  INFO 21816 --- [restartedMain] com.zaxxer.hikari.HikariDataSource       : HikariPool-17 - Starting...
2026-04-12T11:37:19.748+05:30  INFO 21816 --- [restartedMain] com.zaxxer.hikari.pool.HikariPool        : HikariPool-17 - Added connection org.postgresql.jdbc.PgConnection@7c22093b
2026-04-12T11:37:19.749+05:30  INFO 21816 --- [restartedMain] com.zaxxer.hikari.HikariDataSource       : HikariPool-17 - Start completed.
2026-04-12T11:37:20.267+05:30  INFO 21816 --- [restartedMain] com.HCl.VOCLMS.VoclmsApplication         : Started VoclmsApplication in 1.039 seconds (process running for 7582.102)
2026-04-12T11:38:58.081+05:30  INFO 21816 --- [http-nio-8080-exec-1] o.a.c.c.C.[Tomcat].[localhost].[/]       : Initializing Spring DispatcherServlet 'dispatcherServlet'
2026-04-12T11:43:38.821+05:30  INFO 21816 --- [Thread-65] com.zaxxer.hikari.HikariDataSource       : HikariPool-17 - Shutdown initiated...
2026-04-12T11:43:38.829+05:30  INFO 21816 --- [Thread-65] com.zaxxer.hikari.HikariDataSource       : HikariPool-17 - Shutdown completed.
2026-04-12T11:43:38.963+05:30  INFO 21816 --- [restartedMain] com.HCl.VOCLMS.VoclmsApplication         : Starting VoclmsApplication using Java 17.0.12 with PID 21816 (C:\Users\lavur\Downloads\VOCLMS-main\VOCLMS-main\target\classes started by lavur in C:\Users\lavur\Downloads\VOCLMS-main\VOCLMS-main)
2026-04-12T11:43:38.964+05:30  INFO 21816 --- [restartedMain] com.HCl.VOCLMS.VoclmsApplication         : No active profile set, falling back to 1 default profile: "default"
2026-04-12T11:43:39.859+05:30  INFO 21816 --- [restartedMain] o.apache.catalina.core.StandardService   : Starting service [Tomcat]
2026-04-12T11:43:39.860+05:30  INFO 21816 --- [restartedMain] o.apache.catalina.core.StandardEngine    : Starting Servlet engine: [Apache Tomcat/11.0.20]
2026-04-12T11:43:40.102+05:30  INFO 21816 --- [restartedMain] com.zaxxer.hikari.HikariDataSource       : HikariPool-18 - Starting...
2026-04-12T11:43:40.193+05:30  INFO 21816 --- [restartedMain] com.zaxxer.hikari.pool.HikariPool        : HikariPool-18 - Added connection org.postgresql.jdbc.PgConnection@20567864
2026-04-12T11:43:40.193+05:30  INFO 21816 --- [restartedMain] com.zaxxer.hikari.HikariDataSource       : HikariPool-18 - Start completed.
2026-04-12T11:43:40.838+05:30  INFO 21816 --- [restartedMain] com.HCl.VOCLMS.VoclmsApplication         : Started VoclmsApplication in 1.916 seconds (process running for 7962.673)
2026-04-12T11:43:42.326+05:30  INFO 21816 --- [Thread-69] com.zaxxer.hikari.HikariDataSource       : HikariPool-18 - Shutdown initiated...
2026-04-12T11:43:42.330+05:30  INFO 21816 --- [Thread-69] com.zaxxer.hikari.HikariDataSource       : HikariPool-18 - Shutdown completed.
2026-04-12T11:43:42.454+05:30  INFO 21816 --- [restartedMain] com.HCl.VOCLMS.VoclmsApplication         : Starting VoclmsApplication using Java 17.0.12 with PID 21816 (C:\Users\lavur\Downloads\VOCLMS-main\VOCLMS-main\target\classes started by lavur in C:\Users\lavur\Downloads\VOCLMS-main\VOCLMS-main)
2026-04-12T11:43:42.454+05:30  INFO 21816 --- [restartedMain] com.HCl.VOCLMS.VoclmsApplication         : No active profile set, falling back to 1 default profile: "default"
2026-04-12T11:43:42.821+05:30  INFO 21816 --- [restartedMain] o.apache.catalina.core.StandardService   : Starting service [Tomcat]
2026-04-12T11:43:42.821+05:30  INFO 21816 --- [restartedMain] o.apache.catalina.core.StandardEngine    : Starting Servlet engine: [Apache Tomcat/11.0.20]
2026-04-12T11:43:42.959+05:30  INFO 21816 --- [restartedMain] com.zaxxer.hikari.HikariDataSource       : HikariPool-19 - Starting...
2026-04-12T11:43:43.038+05:30  INFO 21816 --- [restartedMain] com.zaxxer.hikari.pool.HikariPool        : HikariPool-19 - Added connection org.postgresql.jdbc.PgConnection@7555bf4
2026-04-12T11:43:43.039+05:30  INFO 21816 --- [restartedMain] com.zaxxer.hikari.HikariDataSource       : HikariPool-19 - Start completed.
2026-04-12T11:43:43.543+05:30  INFO 21816 --- [restartedMain] com.HCl.VOCLMS.VoclmsApplication         : Started VoclmsApplication in 1.124 seconds (process running for 7965.377)
2026-04-12T11:43:46.454+05:30  INFO 21816 --- [Thread-73] com.zaxxer.hikari.HikariDataSource       : HikariPool-19 - Shutdown initiated...
2026-04-12T11:43:46.458+05:30  INFO 21816 --- [Thread-73] com.zaxxer.hikari.HikariDataSource       : HikariPool-19 - Shutdown completed.
2026-04-12T11:43:46.559+05:30  INFO 21816 --- [restartedMain] com.HCl.VOCLMS.VoclmsApplication         : Starting VoclmsApplication using Java 17.0.12 with PID 21816 (C:\Users\lavur\Downloads\VOCLMS-main\VOCLMS-main\target\classes started by lavur in C:\Users\lavur\Downloads\VOCLMS-main\VOCLMS-main)
2026-04-12T11:43:46.560+05:30  INFO 21816 --- [restartedMain] com.HCl.VOCLMS.VoclmsApplication         : No active profile set, falling back to 1 default profile: "default"
2026-04-12T11:43:46.864+05:30  INFO 21816 --- [restartedMain] o.apache.catalina.core.StandardService   : Starting service [Tomcat]
2026-04-12T11:43:46.864+05:30  INFO 21816 --- [restartedMain] o.apache.catalina.core.StandardEngine    : Starting Servlet engine: [Apache Tomcat/11.0.20]
2026-04-12T11:43:46.959+05:30  INFO 21816 --- [restartedMain] com.zaxxer.hikari.HikariDataSource       : HikariPool-20 - Starting...
2026-04-12T11:43:47.029+05:30  INFO 21816 --- [restartedMain] com.zaxxer.hikari.pool.HikariPool        : HikariPool-20 - Added connection org.postgresql.jdbc.PgConnection@44e4a67f
2026-04-12T11:43:47.030+05:30  INFO 21816 --- [restartedMain] com.zaxxer.hikari.HikariDataSource       : HikariPool-20 - Start completed.
2026-04-12T11:43:47.518+05:30  INFO 21816 --- [restartedMain] com.HCl.VOCLMS.VoclmsApplication         : Started VoclmsApplication in 0.983 seconds (process running for 7969.353)
2026-04-12T11:44:36.657+05:30  INFO 21816 --- [Thread-77] com.zaxxer.hikari.HikariDataSource       : HikariPool-20 - Shutdown initiated...
2026-04-12T11:44:36.662+05:30  INFO 21816 --- [Thread-77] com.zaxxer.hikari.HikariDataSource       : HikariPool-20 - Shutdown completed.
2026-04-12T11:44:36.858+05:30  INFO 21816 --- [restartedMain] com.HCl.VOCLMS.VoclmsApplication         : Starting VoclmsApplication using Java 17.0.12 with PID 21816 (C:\Users\lavur\Downloads\VOCLMS-main\VOCLMS-main\target\classes started by lavur in C:\Users\lavur\Downloads\VOCLMS-main\VOCLMS-main)
2026-04-12T11:44:36.858+05:30  INFO 21816 --- [restartedMain] com.HCl.VOCLMS.VoclmsApplication         : No active profile set, falling back to 1 default profile: "default"
2026-04-12T11:44:37.285+05:30  INFO 21816 --- [restartedMain] o.apache.catalina.core.StandardService   : Starting service [Tomcat]
2026-04-12T11:44:37.286+05:30  INFO 21816 --- [restartedMain] o.apache.catalina.core.StandardEngine    : Starting Servlet engine: [Apache Tomcat/11.0.20]
2026-04-12T11:44:37.477+05:30  INFO 21816 --- [restartedMain] com.zaxxer.hikari.HikariDataSource       : HikariPool-21 - Starting...
2026-04-12T11:44:37.709+05:30  INFO 21816 --- [restartedMain] com.zaxxer.hikari.pool.HikariPool        : HikariPool-21 - Added connection org.postgresql.jdbc.PgConnection@1ac760b5
2026-04-12T11:44:37.709+05:30  INFO 21816 --- [restartedMain] com.zaxxer.hikari.HikariDataSource       : HikariPool-21 - Start completed.
2026-04-12T11:44:38.221+05:30  INFO 21816 --- [restartedMain] com.HCl.VOCLMS.VoclmsApplication         : Started VoclmsApplication in 1.411 seconds (process running for 8020.055)
2026-04-12T11:44:41.979+05:30  INFO 21816 --- [Thread-81] com.zaxxer.hikari.HikariDataSource       : HikariPool-21 - Shutdown initiated...
2026-04-12T11:44:41.983+05:30  INFO 21816 --- [Thread-81] com.zaxxer.hikari.HikariDataSource       : HikariPool-21 - Shutdown completed.
2026-04-12T11:44:42.100+05:30  INFO 21816 --- [restartedMain] com.HCl.VOCLMS.VoclmsApplication         : Starting VoclmsApplication using Java 17.0.12 with PID 21816 (C:\Users\lavur\Downloads\VOCLMS-main\VOCLMS-main\target\classes started by lavur in C:\Users\lavur\Downloads\VOCLMS-main\VOCLMS-main)
2026-04-12T11:44:42.101+05:30  INFO 21816 --- [restartedMain] com.HCl.VOCLMS.VoclmsApplication         : No active profile set, falling back to 1 default profile: "default"
2026-04-12T11:44:42.424+05:30  INFO 21816 --- [restartedMain] o.apache.catalina.core.StandardService   : Starting service [Tomcat]
2026-04-12T11:44:42.424+05:30  INFO 21816 --- [restartedMain] o.apache.catalina.core.StandardEngine    : Starting Servlet engine: [Apache Tomcat/11.0.20]
2026-04-12T11:44:42.529+05:30  INFO 21816 --- [restartedMain] com.zaxxer.hikari.HikariDataSource       : HikariPool-22 - Starting...
2026-04-12T11:44:42.618+05:30  INFO 21816 --- [restartedMain] com.zaxxer.hikari.pool.HikariPool        : HikariPool-22 - Added connection org.postgresql.jdbc.PgConnection@7f701762
2026-04-12T11:44:42.619+05:30  INFO 21816 --- [restartedMain] com.zaxxer.hikari.HikariDataSource       : HikariPool-22 - Start completed.
2026-04-12T11:44:43.189+05:30  INFO 21816 --- [restartedMain] com.HCl.VOCLMS.VoclmsApplication         : Started VoclmsApplication in 1.122 seconds (process running for 8025.024)
2026-04-12T11:46:10.863+05:30  INFO 21816 --- [http-nio-8080-exec-1] o.a.c.c.C.[Tomcat].[localhost].[/]       : Initializing Spring DispatcherServlet 'dispatcherServlet'
2026-04-12T11:51:28.933+05:30  INFO 21816 --- [Thread-85] com.zaxxer.hikari.HikariDataSource       : HikariPool-22 - Shutdown initiated...
2026-04-12T11:51:28.938+05:30  INFO 21816 --- [Thread-85] com.zaxxer.hikari.HikariDataSource       : HikariPool-22 - Shutdown completed.
2026-04-12T11:51:29.135+05:30  INFO 21816 --- [restartedMain] com.HCl.VOCLMS.VoclmsApplication         : Starting VoclmsApplication using Java 17.0.12 with PID 21816 (C:\Users\lavur\Downloads\VOCLMS-main\VOCLMS-main\target\classes started by lavur in C:\Users\lavur\Downloads\VOCLMS-main\VOCLMS-main)
2026-04-12T11:51:29.135+05:30  INFO 21816 --- [restartedMain] com.HCl.VOCLMS.VoclmsApplication         : No active profile set, falling back to 1 default profile: "default"
2026-04-12T11:51:29.969+05:30  INFO 21816 --- [restartedMain] o.apache.catalina.core.StandardService   : Starting service [Tomcat]
2026-04-12T11:51:29.970+05:30  INFO 21816 --- [restartedMain] o.apache.catalina.core.StandardEngine    : Starting Servlet engine: [Apache Tomcat/11.0.20]
2026-04-12T11:51:30.223+05:30  INFO 21816 --- [restartedMain] com.zaxxer.hikari.HikariDataSource       : HikariPool-23 - Starting...
2026-04-12T11:51:30.324+05:30  INFO 21816 --- [restartedMain] com.zaxxer.hikari.pool.HikariPool        : HikariPool-23 - Added connection org.postgresql.jdbc.PgConnection@4ae3ef6f
2026-04-12T11:51:30.325+05:30  INFO 21816 --- [restartedMain] com.zaxxer.hikari.HikariDataSource       : HikariPool-23 - Start completed.
2026-04-12T11:51:31.289+05:30  INFO 21816 --- [restartedMain] com.HCl.VOCLMS.VoclmsApplication         : Started VoclmsApplication in 2.221 seconds (process running for 8433.124)
2026-04-12T11:51:32.828+05:30  INFO 21816 --- [Thread-89] com.zaxxer.hikari.HikariDataSource       : HikariPool-23 - Shutdown initiated...
2026-04-12T11:51:32.835+05:30  INFO 21816 --- [Thread-89] com.zaxxer.hikari.HikariDataSource       : HikariPool-23 - Shutdown completed.
2026-04-12T11:51:33.023+05:30  INFO 21816 --- [restartedMain] com.HCl.VOCLMS.VoclmsApplication         : Starting VoclmsApplication using Java 17.0.12 with PID 21816 (C:\Users\lavur\Downloads\VOCLMS-main\VOCLMS-main\target\classes started by lavur in C:\Users\lavur\Downloads\VOCLMS-main\VOCLMS-main)
2026-04-12T11:51:33.024+05:30  INFO 21816 --- [restartedMain] com.HCl.VOCLMS.VoclmsApplication         : No active profile set, falling back to 1 default profile: "default"
2026-04-12T11:51:33.745+05:30  INFO 21816 --- [restartedMain] o.apache.catalina.core.StandardService   : Starting service [Tomcat]
2026-04-12T11:51:33.745+05:30  INFO 21816 --- [restartedMain] o.apache.catalina.core.StandardEngine    : Starting Servlet engine: [Apache Tomcat/11.0.20]
2026-04-12T11:51:34.004+05:30  INFO 21816 --- [restartedMain] com.zaxxer.hikari.HikariDataSource       : HikariPool-24 - Starting...
2026-04-12T11:51:34.089+05:30  INFO 21816 --- [restartedMain] com.zaxxer.hikari.pool.HikariPool        : HikariPool-24 - Added connection org.postgresql.jdbc.PgConnection@45274c06
2026-04-12T11:51:34.090+05:30  INFO 21816 --- [restartedMain] com.zaxxer.hikari.HikariDataSource       : HikariPool-24 - Start completed.
2026-04-12T11:51:35.130+05:30  INFO 21816 --- [restartedMain] com.HCl.VOCLMS.VoclmsApplication         : Started VoclmsApplication in 2.162 seconds (process running for 8436.964)
2026-04-12T11:51:37.616+05:30  INFO 21816 --- [http-nio-8080-exec-1] o.a.c.c.C.[Tomcat].[localhost].[/]       : Initializing Spring DispatcherServlet 'dispatcherServlet'
2026-04-12T11:51:56.818+05:30  INFO 21816 --- [Thread-93] com.zaxxer.hikari.HikariDataSource       : HikariPool-24 - Shutdown initiated...
2026-04-12T11:51:56.820+05:30  INFO 21816 --- [Thread-93] com.zaxxer.hikari.HikariDataSource       : HikariPool-24 - Shutdown completed.
2026-04-12T11:51:56.953+05:30  INFO 21816 --- [restartedMain] com.HCl.VOCLMS.VoclmsApplication         : Starting VoclmsApplication using Java 17.0.12 with PID 21816 (C:\Users\lavur\Downloads\VOCLMS-main\VOCLMS-main\target\classes started by lavur in C:\Users\lavur\Downloads\VOCLMS-main\VOCLMS-main)
2026-04-12T11:51:56.953+05:30  INFO 21816 --- [restartedMain] com.HCl.VOCLMS.VoclmsApplication         : No active profile set, falling back to 1 default profile: "default"
2026-04-12T11:51:57.327+05:30  INFO 21816 --- [restartedMain] o.apache.catalina.core.StandardService   : Starting service [Tomcat]
2026-04-12T11:51:57.327+05:30  INFO 21816 --- [restartedMain] o.apache.catalina.core.StandardEngine    : Starting Servlet engine: [Apache Tomcat/11.0.20]
2026-04-12T11:51:57.502+05:30  INFO 21816 --- [restartedMain] com.zaxxer.hikari.HikariDataSource       : HikariPool-25 - Starting...
2026-04-12T11:51:57.598+05:30  INFO 21816 --- [restartedMain] com.zaxxer.hikari.pool.HikariPool        : HikariPool-25 - Added connection org.postgresql.jdbc.PgConnection@7b6fc4eb
2026-04-12T11:51:57.598+05:30  INFO 21816 --- [restartedMain] com.zaxxer.hikari.HikariDataSource       : HikariPool-25 - Start completed.
2026-04-12T11:51:58.087+05:30  INFO 21816 --- [restartedMain] com.HCl.VOCLMS.VoclmsApplication         : Started VoclmsApplication in 1.174 seconds (process running for 8459.922)
2026-04-12T11:52:01.430+05:30  INFO 21816 --- [Thread-97] com.zaxxer.hikari.HikariDataSource       : HikariPool-25 - Shutdown initiated...
2026-04-12T11:52:01.435+05:30  INFO 21816 --- [Thread-97] com.zaxxer.hikari.HikariDataSource       : HikariPool-25 - Shutdown completed.
2026-04-12T11:52:01.548+05:30  INFO 21816 --- [restartedMain] com.HCl.VOCLMS.VoclmsApplication         : Starting VoclmsApplication using Java 17.0.12 with PID 21816 (C:\Users\lavur\Downloads\VOCLMS-main\VOCLMS-main\target\classes started by lavur in C:\Users\lavur\Downloads\VOCLMS-main\VOCLMS-main)
2026-04-12T11:52:01.548+05:30  INFO 21816 --- [restartedMain] com.HCl.VOCLMS.VoclmsApplication         : No active profile set, falling back to 1 default profile: "default"
2026-04-12T11:52:01.930+05:30  INFO 21816 --- [restartedMain] o.apache.catalina.core.StandardService   : Starting service [Tomcat]
2026-04-12T11:52:01.931+05:30  INFO 21816 --- [restartedMain] o.apache.catalina.core.StandardEngine    : Starting Servlet engine: [Apache Tomcat/11.0.20]
2026-04-12T11:52:02.018+05:30  INFO 21816 --- [restartedMain] com.zaxxer.hikari.HikariDataSource       : HikariPool-26 - Starting...
2026-04-12T11:52:02.085+05:30  INFO 21816 --- [restartedMain] com.zaxxer.hikari.pool.HikariPool        : HikariPool-26 - Added connection org.postgresql.jdbc.PgConnection@4e7576ea
2026-04-12T11:52:02.085+05:30  INFO 21816 --- [restartedMain] com.zaxxer.hikari.HikariDataSource       : HikariPool-26 - Start completed.
2026-04-12T11:52:02.549+05:30  INFO 21816 --- [restartedMain] com.HCl.VOCLMS.VoclmsApplication         : Started VoclmsApplication in 1.03 seconds (process running for 8464.385)
2026-04-12T11:54:09.534+05:30  INFO 21816 --- [http-nio-8080-exec-1] o.a.c.c.C.[Tomcat].[localhost].[/]       : Initializing Spring DispatcherServlet 'dispatcherServlet'
2026-04-12T11:59:48.897+05:30  INFO 21816 --- [Thread-101] com.zaxxer.hikari.HikariDataSource       : HikariPool-26 - Shutdown initiated...
2026-04-12T11:59:48.900+05:30  INFO 21816 --- [Thread-101] com.zaxxer.hikari.HikariDataSource       : HikariPool-26 - Shutdown completed.
2026-04-12T11:59:49.121+05:30  INFO 21816 --- [restartedMain] com.HCl.VOCLMS.VoclmsApplication         : Starting VoclmsApplication using Java 17.0.12 with PID 21816 (C:\Users\lavur\Downloads\VOCLMS-main\VOCLMS-main\target\classes started by lavur in C:\Users\lavur\Downloads\VOCLMS-main\VOCLMS-main)
2026-04-12T11:59:49.121+05:30  INFO 21816 --- [restartedMain] com.HCl.VOCLMS.VoclmsApplication         : No active profile set, falling back to 1 default profile: "default"
2026-04-12T11:59:49.506+05:30  INFO 21816 --- [restartedMain] o.apache.catalina.core.StandardService   : Starting service [Tomcat]
2026-04-12T11:59:49.507+05:30  INFO 21816 --- [restartedMain] o.apache.catalina.core.StandardEngine    : Starting Servlet engine: [Apache Tomcat/11.0.20]
2026-04-12T11:59:49.610+05:30  INFO 21816 --- [restartedMain] com.zaxxer.hikari.HikariDataSource       : HikariPool-27 - Starting...
2026-04-12T11:59:49.688+05:30  INFO 21816 --- [restartedMain] com.zaxxer.hikari.pool.HikariPool        : HikariPool-27 - Added connection org.postgresql.jdbc.PgConnection@241e1432
2026-04-12T11:59:49.689+05:30  INFO 21816 --- [restartedMain] com.zaxxer.hikari.HikariDataSource       : HikariPool-27 - Start completed.
2026-04-12T11:59:50.245+05:30  INFO 21816 --- [restartedMain] com.HCl.VOCLMS.VoclmsApplication         : Started VoclmsApplication in 1.146 seconds (process running for 8932.08)
2026-04-12T11:59:51.730+05:30  INFO 21816 --- [Thread-105] com.zaxxer.hikari.HikariDataSource       : HikariPool-27 - Shutdown initiated...
2026-04-12T11:59:51.738+05:30  INFO 21816 --- [Thread-105] com.zaxxer.hikari.HikariDataSource       : HikariPool-27 - Shutdown completed.
2026-04-12T11:59:51.870+05:30  INFO 21816 --- [restartedMain] com.HCl.VOCLMS.VoclmsApplication         : Starting VoclmsApplication using Java 17.0.12 with PID 21816 (C:\Users\lavur\Downloads\VOCLMS-main\VOCLMS-main\target\classes started by lavur in C:\Users\lavur\Downloads\VOCLMS-main\VOCLMS-main)
2026-04-12T11:59:51.870+05:30  INFO 21816 --- [restartedMain] com.HCl.VOCLMS.VoclmsApplication         : No active profile set, falling back to 1 default profile: "default"
2026-04-12T11:59:52.211+05:30  INFO 21816 --- [restartedMain] o.apache.catalina.core.StandardService   : Starting service [Tomcat]
2026-04-12T11:59:52.211+05:30  INFO 21816 --- [restartedMain] o.apache.catalina.core.StandardEngine    : Starting Servlet engine: [Apache Tomcat/11.0.20]
2026-04-12T11:59:52.299+05:30  INFO 21816 --- [restartedMain] com.zaxxer.hikari.HikariDataSource       : HikariPool-28 - Starting...
2026-04-12T11:59:52.374+05:30  INFO 21816 --- [restartedMain] com.zaxxer.hikari.pool.HikariPool        : HikariPool-28 - Added connection org.postgresql.jdbc.PgConnection@65e90cd9
2026-04-12T11:59:52.374+05:30  INFO 21816 --- [restartedMain] com.zaxxer.hikari.HikariDataSource       : HikariPool-28 - Start completed.
2026-04-12T11:59:52.887+05:30  INFO 21816 --- [restartedMain] com.HCl.VOCLMS.VoclmsApplication         : Started VoclmsApplication in 1.048 seconds (process running for 8934.722)
2026-04-12T12:00:21.042+05:30  INFO 21816 --- [Thread-109] com.zaxxer.hikari.HikariDataSource       : HikariPool-28 - Shutdown initiated...
2026-04-12T12:00:21.055+05:30  INFO 21816 --- [Thread-109] com.zaxxer.hikari.HikariDataSource       : HikariPool-28 - Shutdown completed.
2026-04-12T12:00:21.186+05:30  INFO 21816 --- [restartedMain] com.HCl.VOCLMS.VoclmsApplication         : Starting VoclmsApplication using Java 17.0.12 with PID 21816 (C:\Users\lavur\Downloads\VOCLMS-main\VOCLMS-main\target\classes started by lavur in C:\Users\lavur\Downloads\VOCLMS-main\VOCLMS-main)
2026-04-12T12:00:21.187+05:30  INFO 21816 --- [restartedMain] com.HCl.VOCLMS.VoclmsApplication         : No active profile set, falling back to 1 default profile: "default"
2026-04-12T12:00:21.650+05:30  INFO 21816 --- [restartedMain] o.apache.catalina.core.StandardService   : Starting service [Tomcat]
2026-04-12T12:00:21.651+05:30  INFO 21816 --- [restartedMain] o.apache.catalina.core.StandardEngine    : Starting Servlet engine: [Apache Tomcat/11.0.20]
2026-04-12T12:00:21.804+05:30  INFO 21816 --- [restartedMain] com.zaxxer.hikari.HikariDataSource       : HikariPool-29 - Starting...
2026-04-12T12:00:21.900+05:30  INFO 21816 --- [restartedMain] com.zaxxer.hikari.pool.HikariPool        : HikariPool-29 - Added connection org.postgresql.jdbc.PgConnection@2bcd8886
2026-04-12T12:00:21.901+05:30  INFO 21816 --- [restartedMain] com.zaxxer.hikari.HikariDataSource       : HikariPool-29 - Start completed.
2026-04-12T12:00:22.225+05:30  INFO 21816 --- [restartedMain] com.HCl.VOCLMS.VoclmsApplication         : Started VoclmsApplication in 1.069 seconds (process running for 8964.06)
2026-04-12T12:00:26.050+05:30  INFO 21816 --- [Thread-113] com.zaxxer.hikari.HikariDataSource       : HikariPool-29 - Shutdown initiated...
2026-04-12T12:00:26.062+05:30  INFO 21816 --- [Thread-113] com.zaxxer.hikari.HikariDataSource       : HikariPool-29 - Shutdown completed.
2026-04-12T12:00:26.179+05:30  INFO 21816 --- [restartedMain] com.HCl.VOCLMS.VoclmsApplication         : Starting VoclmsApplication using Java 17.0.12 with PID 21816 (C:\Users\lavur\Downloads\VOCLMS-main\VOCLMS-main\target\classes started by lavur in C:\Users\lavur\Downloads\VOCLMS-main\VOCLMS-main)
2026-04-12T12:00:26.180+05:30  INFO 21816 --- [restartedMain] com.HCl.VOCLMS.VoclmsApplication         : No active profile set, falling back to 1 default profile: "default"
2026-04-12T12:00:26.567+05:30  INFO 21816 --- [restartedMain] o.apache.catalina.core.StandardService   : Starting service [Tomcat]
2026-04-12T12:00:26.567+05:30  INFO 21816 --- [restartedMain] o.apache.catalina.core.StandardEngine    : Starting Servlet engine: [Apache Tomcat/11.0.20]
2026-04-12T12:00:26.666+05:30  INFO 21816 --- [restartedMain] com.zaxxer.hikari.HikariDataSource       : HikariPool-30 - Starting...
2026-04-12T12:00:26.737+05:30  INFO 21816 --- [restartedMain] com.zaxxer.hikari.pool.HikariPool        : HikariPool-30 - Added connection org.postgresql.jdbc.PgConnection@e452915
2026-04-12T12:00:26.738+05:30  INFO 21816 --- [restartedMain] com.zaxxer.hikari.HikariDataSource       : HikariPool-30 - Start completed.
2026-04-12T12:00:27.384+05:30  INFO 21816 --- [restartedMain] com.HCl.VOCLMS.VoclmsApplication         : Started VoclmsApplication in 1.235 seconds (process running for 8969.219)
2026-04-12T12:01:55.190+05:30  INFO 21816 --- [http-nio-8080-exec-1] o.a.c.c.C.[Tomcat].[localhost].[/]       : Initializing Spring DispatcherServlet 'dispatcherServlet'
2026-04-12T12:20:58.842+05:30  INFO 21816 --- [Thread-117] com.zaxxer.hikari.HikariDataSource       : HikariPool-30 - Shutdown initiated...
2026-04-12T12:20:58.855+05:30  INFO 21816 --- [Thread-117] com.zaxxer.hikari.HikariDataSource       : HikariPool-30 - Shutdown completed.
2026-04-12T12:20:59.002+05:30  INFO 21816 --- [restartedMain] com.HCl.VOCLMS.VoclmsApplication         : Starting VoclmsApplication using Java 17.0.12 with PID 21816 (C:\Users\lavur\Downloads\VOCLMS-main\VOCLMS-main\target\classes started by lavur in C:\Users\lavur\Downloads\VOCLMS-main\VOCLMS-main)
2026-04-12T12:20:59.003+05:30  INFO 21816 --- [restartedMain] com.HCl.VOCLMS.VoclmsApplication         : No active profile set, falling back to 1 default profile: "default"
2026-04-12T12:20:59.497+05:30  INFO 21816 --- [restartedMain] o.apache.catalina.core.StandardService   : Starting service [Tomcat]
2026-04-12T12:20:59.498+05:30  INFO 21816 --- [restartedMain] o.apache.catalina.core.StandardEngine    : Starting Servlet engine: [Apache Tomcat/11.0.20]
2026-04-12T12:20:59.616+05:30  INFO 21816 --- [restartedMain] com.zaxxer.hikari.HikariDataSource       : HikariPool-31 - Starting...
2026-04-12T12:20:59.709+05:30  INFO 21816 --- [restartedMain] com.zaxxer.hikari.pool.HikariPool        : HikariPool-31 - Added connection org.postgresql.jdbc.PgConnection@7414edf4
2026-04-12T12:20:59.710+05:30  INFO 21816 --- [restartedMain] com.zaxxer.hikari.HikariDataSource       : HikariPool-31 - Start completed.
2026-04-12T12:21:00.295+05:30  INFO 21816 --- [restartedMain] com.HCl.VOCLMS.VoclmsApplication         : Started VoclmsApplication in 1.327 seconds (process running for 10202.13)
2026-04-12T12:21:34.674+05:30  INFO 21816 --- [Thread-121] com.zaxxer.hikari.HikariDataSource       : HikariPool-31 - Shutdown initiated...
2026-04-12T12:21:34.677+05:30  INFO 21816 --- [Thread-121] com.zaxxer.hikari.HikariDataSource       : HikariPool-31 - Shutdown completed.
2026-04-12T12:21:34.822+05:30  INFO 21816 --- [restartedMain] com.HCl.VOCLMS.VoclmsApplication         : Starting VoclmsApplication using Java 17.0.12 with PID 21816 (C:\Users\lavur\Downloads\VOCLMS-main\VOCLMS-main\target\classes started by lavur in C:\Users\lavur\Downloads\VOCLMS-main\VOCLMS-main)
2026-04-12T12:21:34.822+05:30  INFO 21816 --- [restartedMain] com.HCl.VOCLMS.VoclmsApplication         : No active profile set, falling back to 1 default profile: "default"
2026-04-12T12:21:35.095+05:30  INFO 21816 --- [restartedMain] o.apache.catalina.core.StandardService   : Starting service [Tomcat]
2026-04-12T12:21:35.096+05:30  INFO 21816 --- [restartedMain] o.apache.catalina.core.StandardEngine    : Starting Servlet engine: [Apache Tomcat/11.0.20]
2026-04-12T12:21:35.232+05:30  INFO 21816 --- [restartedMain] com.zaxxer.hikari.HikariDataSource       : HikariPool-32 - Starting...
2026-04-12T12:21:35.331+05:30  INFO 21816 --- [restartedMain] com.zaxxer.hikari.pool.HikariPool        : HikariPool-32 - Added connection org.postgresql.jdbc.PgConnection@18110fc1
2026-04-12T12:21:35.332+05:30  INFO 21816 --- [restartedMain] com.zaxxer.hikari.HikariDataSource       : HikariPool-32 - Start completed.
2026-04-12T12:21:35.747+05:30  INFO 21816 --- [restartedMain] com.HCl.VOCLMS.VoclmsApplication         : Started VoclmsApplication in 0.96 seconds (process running for 10237.582)
2026-04-12T12:21:39.142+05:30  INFO 21816 --- [Thread-125] com.zaxxer.hikari.HikariDataSource       : HikariPool-32 - Shutdown initiated...
2026-04-12T12:21:39.145+05:30  INFO 21816 --- [Thread-125] com.zaxxer.hikari.HikariDataSource       : HikariPool-32 - Shutdown completed.
2026-04-12T12:21:39.260+05:30  INFO 21816 --- [restartedMain] com.HCl.VOCLMS.VoclmsApplication         : Starting VoclmsApplication using Java 17.0.12 with PID 21816 (C:\Users\lavur\Downloads\VOCLMS-main\VOCLMS-main\target\classes started by lavur in C:\Users\lavur\Downloads\VOCLMS-main\VOCLMS-main)
2026-04-12T12:21:39.261+05:30  INFO 21816 --- [restartedMain] com.HCl.VOCLMS.VoclmsApplication         : No active profile set, falling back to 1 default profile: "default"
2026-04-12T12:21:39.543+05:30  INFO 21816 --- [restartedMain] o.apache.catalina.core.StandardService   : Starting service [Tomcat]
2026-04-12T12:21:39.543+05:30  INFO 21816 --- [restartedMain] o.apache.catalina.core.StandardEngine    : Starting Servlet engine: [Apache Tomcat/11.0.20]
2026-04-12T12:21:39.627+05:30  INFO 21816 --- [restartedMain] com.zaxxer.hikari.HikariDataSource       : HikariPool-33 - Starting...
2026-04-12T12:21:39.691+05:30  INFO 21816 --- [restartedMain] com.zaxxer.hikari.pool.HikariPool        : HikariPool-33 - Added connection org.postgresql.jdbc.PgConnection@5ce8aebd
2026-04-12T12:21:39.691+05:30  INFO 21816 --- [restartedMain] com.zaxxer.hikari.HikariDataSource       : HikariPool-33 - Start completed.
2026-04-12T12:21:40.138+05:30  INFO 21816 --- [restartedMain] com.HCl.VOCLMS.VoclmsApplication         : Started VoclmsApplication in 0.901 seconds (process running for 10241.973)
2026-04-12T12:22:50.172+05:30  INFO 21816 --- [http-nio-8080-exec-1] o.a.c.c.C.[Tomcat].[localhost].[/]       : Initializing Spring DispatcherServlet 'dispatcherServlet'
2026-04-12T16:00:28.082+05:30  WARN 21816 --- [HikariPool-33:housekeeper] com.zaxxer.hikari.pool.HikariPool        : HikariPool-33 - Thread starvation or clock leap detected (housekeeper delta=3h36m48s251ms997µs900ns).
2026-04-12T16:09:46.720+05:30  INFO 21816 --- [Thread-129] com.zaxxer.hikari.HikariDataSource       : HikariPool-33 - Shutdown initiated...
2026-04-12T16:09:46.724+05:30  INFO 21816 --- [Thread-129] com.zaxxer.hikari.HikariDataSource       : HikariPool-33 - Shutdown completed.
2026-04-12T16:09:46.982+05:30  INFO 21816 --- [restartedMain] com.HCl.VOCLMS.VoclmsApplication         : Starting VoclmsApplication using Java 17.0.12 with PID 21816 (C:\Users\lavur\Downloads\VOCLMS-main\VOCLMS-main\target\classes started by lavur in C:\Users\lavur\Downloads\VOCLMS-main\VOCLMS-main)
2026-04-12T16:09:46.985+05:30  INFO 21816 --- [restartedMain] com.HCl.VOCLMS.VoclmsApplication         : No active profile set, falling back to 1 default profile: "default"
2026-04-12T16:09:47.573+05:30  INFO 21816 --- [restartedMain] o.apache.catalina.core.StandardService   : Starting service [Tomcat]
2026-04-12T16:09:47.575+05:30  INFO 21816 --- [restartedMain] o.apache.catalina.core.StandardEngine    : Starting Servlet engine: [Apache Tomcat/11.0.20]
2026-04-12T16:09:47.715+05:30  INFO 21816 --- [restartedMain] com.zaxxer.hikari.HikariDataSource       : HikariPool-34 - Starting...
2026-04-12T16:09:47.795+05:30  INFO 21816 --- [restartedMain] com.zaxxer.hikari.pool.HikariPool        : HikariPool-34 - Added connection org.postgresql.jdbc.PgConnection@52ca2d32
2026-04-12T16:09:47.796+05:30  INFO 21816 --- [restartedMain] com.zaxxer.hikari.HikariDataSource       : HikariPool-34 - Start completed.
2026-04-12T16:09:48.311+05:30  INFO 21816 --- [restartedMain] com.HCl.VOCLMS.VoclmsApplication         : Started VoclmsApplication in 1.38 seconds (process running for 23930.147)
2026-04-12T16:09:49.808+05:30  INFO 21816 --- [Thread-133] com.zaxxer.hikari.HikariDataSource       : HikariPool-34 - Shutdown initiated...
2026-04-12T16:09:49.824+05:30  INFO 21816 --- [Thread-133] com.zaxxer.hikari.HikariDataSource       : HikariPool-34 - Shutdown completed.
2026-04-12T16:09:49.950+05:30  INFO 21816 --- [restartedMain] com.HCl.VOCLMS.VoclmsApplication         : Starting VoclmsApplication using Java 17.0.12 with PID 21816 (C:\Users\lavur\Downloads\VOCLMS-main\VOCLMS-main\target\classes started by lavur in C:\Users\lavur\Downloads\VOCLMS-main\VOCLMS-main)
2026-04-12T16:09:49.951+05:30  INFO 21816 --- [restartedMain] com.HCl.VOCLMS.VoclmsApplication         : No active profile set, falling back to 1 default profile: "default"
2026-04-12T16:09:50.256+05:30  INFO 21816 --- [restartedMain] o.apache.catalina.core.StandardService   : Starting service [Tomcat]
2026-04-12T16:09:50.257+05:30  INFO 21816 --- [restartedMain] o.apache.catalina.core.StandardEngine    : Starting Servlet engine: [Apache Tomcat/11.0.20]
2026-04-12T16:09:50.371+05:30  INFO 21816 --- [restartedMain] com.zaxxer.hikari.HikariDataSource       : HikariPool-35 - Starting...
2026-04-12T16:09:50.451+05:30  INFO 21816 --- [restartedMain] com.zaxxer.hikari.pool.HikariPool        : HikariPool-35 - Added connection org.postgresql.jdbc.PgConnection@7aeec6ea
2026-04-12T16:09:50.453+05:30  INFO 21816 --- [restartedMain] com.zaxxer.hikari.HikariDataSource       : HikariPool-35 - Start completed.
2026-04-12T16:09:51.028+05:30  INFO 21816 --- [restartedMain] com.HCl.VOCLMS.VoclmsApplication         : Started VoclmsApplication in 1.11 seconds (process running for 23932.863)
2026-04-12T16:10:08.980+05:30  INFO 21816 --- [Thread-137] com.zaxxer.hikari.HikariDataSource       : HikariPool-35 - Shutdown initiated...
2026-04-12T16:10:08.990+05:30  INFO 21816 --- [Thread-137] com.zaxxer.hikari.HikariDataSource       : HikariPool-35 - Shutdown completed.
2026-04-12T16:10:09.127+05:30  INFO 21816 --- [restartedMain] com.HCl.VOCLMS.VoclmsApplication         : Starting VoclmsApplication using Java 17.0.12 with PID 21816 (C:\Users\lavur\Downloads\VOCLMS-main\VOCLMS-main\target\classes started by lavur in C:\Users\lavur\Downloads\VOCLMS-main\VOCLMS-main)
2026-04-12T16:10:09.128+05:30  INFO 21816 --- [restartedMain] com.HCl.VOCLMS.VoclmsApplication         : No active profile set, falling back to 1 default profile: "default"
2026-04-12T16:10:09.592+05:30  INFO 21816 --- [restartedMain] o.apache.catalina.core.StandardService   : Starting service [Tomcat]
2026-04-12T16:10:09.592+05:30  INFO 21816 --- [restartedMain] o.apache.catalina.core.StandardEngine    : Starting Servlet engine: [Apache Tomcat/11.0.20]
2026-04-12T16:10:09.693+05:30  INFO 21816 --- [restartedMain] com.zaxxer.hikari.HikariDataSource       : HikariPool-36 - Starting...
2026-04-12T16:10:09.761+05:30  INFO 21816 --- [restartedMain] com.zaxxer.hikari.pool.HikariPool        : HikariPool-36 - Added connection org.postgresql.jdbc.PgConnection@2fdc0656
2026-04-12T16:10:09.761+05:30  INFO 21816 --- [restartedMain] com.zaxxer.hikari.HikariDataSource       : HikariPool-36 - Start completed.
2026-04-12T16:10:10.237+05:30  INFO 21816 --- [restartedMain] com.HCl.VOCLMS.VoclmsApplication         : Started VoclmsApplication in 1.14 seconds (process running for 23952.072)
2026-04-12T16:10:33.281+05:30  INFO 21816 --- [Thread-141] com.zaxxer.hikari.HikariDataSource       : HikariPool-36 - Shutdown initiated...
2026-04-12T16:10:33.284+05:30  INFO 21816 --- [Thread-141] com.zaxxer.hikari.HikariDataSource       : HikariPool-36 - Shutdown completed.
2026-04-12T16:10:33.395+05:30  INFO 21816 --- [restartedMain] com.HCl.VOCLMS.VoclmsApplication         : Starting VoclmsApplication using Java 17.0.12 with PID 21816 (C:\Users\lavur\Downloads\VOCLMS-main\VOCLMS-main\target\classes started by lavur in C:\Users\lavur\Downloads\VOCLMS-main\VOCLMS-main)
2026-04-12T16:10:33.395+05:30  INFO 21816 --- [restartedMain] com.HCl.VOCLMS.VoclmsApplication         : No active profile set, falling back to 1 default profile: "default"
2026-04-12T16:10:33.837+05:30  INFO 21816 --- [restartedMain] o.apache.catalina.core.StandardService   : Starting service [Tomcat]
2026-04-12T16:10:33.838+05:30  INFO 21816 --- [restartedMain] o.apache.catalina.core.StandardEngine    : Starting Servlet engine: [Apache Tomcat/11.0.20]
2026-04-12T16:10:34.019+05:30  INFO 21816 --- [restartedMain] com.zaxxer.hikari.HikariDataSource       : HikariPool-37 - Starting...
2026-04-12T16:10:34.118+05:30  INFO 21816 --- [restartedMain] com.zaxxer.hikari.pool.HikariPool        : HikariPool-37 - Added connection org.postgresql.jdbc.PgConnection@1890be2e
2026-04-12T16:10:34.118+05:30  INFO 21816 --- [restartedMain] com.zaxxer.hikari.HikariDataSource       : HikariPool-37 - Start completed.
2026-04-12T16:10:34.447+05:30  INFO 21816 --- [restartedMain] com.zaxxer.hikari.HikariDataSource       : HikariPool-37 - Shutdown initiated...
2026-04-12T16:10:34.531+05:30  INFO 21816 --- [restartedMain] com.zaxxer.hikari.HikariDataSource       : HikariPool-37 - Shutdown completed.
2026-04-12T16:10:34.533+05:30  INFO 21816 --- [restartedMain] o.apache.catalina.core.StandardService   : Stopping service [Tomcat]
2026-04-12T16:10:34.581+05:30 ERROR 21816 --- [restartedMain] o.s.boot.SpringApplication               : Application run failed

org.springframework.beans.factory.BeanCreationException: Error creating bean with name 'vendorPerformanceController' defined in file [C:\Users\lavur\Downloads\VOCLMS-main\VOCLMS-main\target\classes\com\HCl\VOCLMS\controller\VendorPerformanceController.class]: Failed to instantiate [com.HCl.VOCLMS.controller.VendorPerformanceController]: Constructor threw exception
	at org.springframework.beans.factory.support.AbstractAutowireCapableBeanFactory.instantiateBean(AbstractAutowireCapableBeanFactory.java:1344) ~[spring-beans-7.0.6.jar:7.0.6]
	at org.springframework.beans.factory.support.AbstractAutowireCapableBeanFactory.createBeanInstance(AbstractAutowireCapableBeanFactory.java:1231) ~[spring-beans-7.0.6.jar:7.0.6]
	at org.springframework.beans.factory.support.AbstractAutowireCapableBeanFactory.doCreateBean(AbstractAutowireCapableBeanFactory.java:565) ~[spring-beans-7.0.6.jar:7.0.6]
	at org.springframework.beans.factory.support.AbstractAutowireCapableBeanFactory.createBean(AbstractAutowireCapableBeanFactory.java:525) ~[spring-beans-7.0.6.jar:7.0.6]
	at org.springframework.beans.factory.support.AbstractBeanFactory.lambda$doGetBean$0(AbstractBeanFactory.java:333) ~[spring-beans-7.0.6.jar:7.0.6]
	at org.springframework.beans.factory.support.DefaultSingletonBeanRegistry.getSingleton(DefaultSingletonBeanRegistry.java:371) ~[spring-beans-7.0.6.jar:7.0.6]
	at org.springframework.beans.factory.support.AbstractBeanFactory.doGetBean(AbstractBeanFactory.java:331) ~[spring-beans-7.0.6.jar:7.0.6]
	at org.springframework.beans.factory.support.AbstractBeanFactory.getBean(AbstractBeanFactory.java:196) ~[spring-beans-7.0.6.jar:7.0.6]
	at org.springframework.beans.factory.support.DefaultListableBeanFactory.instantiateSingleton(DefaultListableBeanFactory.java:1218) ~[spring-beans-7.0.6.jar:7.0.6]
	at org.springframework.beans.factory.support.DefaultListableBeanFactory.preInstantiateSingleton(DefaultListableBeanFactory.java:1184) ~[spring-beans-7.0.6.jar:7.0.6]
	at org.springframework.beans.factory.support.DefaultListableBeanFactory.preInstantiateSingletons(DefaultListableBeanFactory.java:1121) ~[spring-beans-7.0.6.jar:7.0.6]
	at org.springframework.context.support.AbstractApplicationContext.finishBeanFactoryInitialization(AbstractApplicationContext.java:994) ~[spring-context-7.0.6.jar:7.0.6]
	at org.springframework.context.support.AbstractApplicationContext.refresh(AbstractApplicationContext.java:621) ~[spring-context-7.0.6.jar:7.0.6]
	at org.springframework.boot.web.server.servlet.context.ServletWebServerApplicationContext.refresh(ServletWebServerApplicationContext.java:143) ~[spring-boot-web-server-4.0.5.jar:4.0.5]
	at org.springframework.boot.SpringApplication.refresh(SpringApplication.java:756) ~[spring-boot-4.0.5.jar:4.0.5]
	at org.springframework.boot.SpringApplication.refreshContext(SpringApplication.java:445) ~[spring-boot-4.0.5.jar:4.0.5]
	at org.springframework.boot.SpringApplication.run(SpringApplication.java:321) ~[spring-boot-4.0.5.jar:4.0.5]
	at org.springframework.boot.SpringApplication.run(SpringApplication.java:1365) ~[spring-boot-4.0.5.jar:4.0.5]
	at org.springframework.boot.SpringApplication.run(SpringApplication.java:1354) ~[spring-boot-4.0.5.jar:4.0.5]
	at com.HCl.VOCLMS.VoclmsApplication.main(VoclmsApplication.java:10) ~[classes/:na]
	at java.base/jdk.internal.reflect.NativeMethodAccessorImpl.invoke0(Native Method) ~[na:na]
	at java.base/jdk.internal.reflect.NativeMethodAccessorImpl.invoke(NativeMethodAccessorImpl.java:77) ~[na:na]
	at java.base/jdk.internal.reflect.DelegatingMethodAccessorImpl.invoke(DelegatingMethodAccessorImpl.java:43) ~[na:na]
	at java.base/java.lang.reflect.Method.invoke(Method.java:568) ~[na:na]
	at org.springframework.boot.devtools.restart.RestartLauncher.run(RestartLauncher.java:52) ~[spring-boot-devtools-4.0.5.jar:4.0.5]
Caused by: org.springframework.beans.BeanInstantiationException: Failed to instantiate [com.HCl.VOCLMS.controller.VendorPerformanceController]: Constructor threw exception
	at org.springframework.beans.BeanUtils.instantiateClass(BeanUtils.java:220) ~[spring-beans-7.0.6.jar:7.0.6]
	at org.springframework.beans.factory.support.SimpleInstantiationStrategy.instantiate(SimpleInstantiationStrategy.java:106) ~[spring-beans-7.0.6.jar:7.0.6]
	at org.springframework.beans.factory.support.AbstractAutowireCapableBeanFactory.instantiateBean(AbstractAutowireCapableBeanFactory.java:1338) ~[spring-beans-7.0.6.jar:7.0.6]
	... 24 common frames omitted
Caused by: java.lang.Error: Unresolved compilation problem: 
	The method getUsername() is undefined for the type User

	at com.HCl.VOCLMS.controller.VendorPerformanceController.<init>(VendorPerformanceController.java:30) ~[classes/:na]
	at java.base/jdk.internal.reflect.NativeConstructorAccessorImpl.newInstance0(Native Method) ~[na:na]
	at java.base/jdk.internal.reflect.NativeConstructorAccessorImpl.newInstance(NativeConstructorAccessorImpl.java:77) ~[na:na]
	at java.base/jdk.internal.reflect.DelegatingConstructorAccessorImpl.newInstance(DelegatingConstructorAccessorImpl.java:45) ~[na:na]
	at java.base/java.lang.reflect.Constructor.newInstanceWithCaller(Constructor.java:499) ~[na:na]
	at java.base/java.lang.reflect.Constructor.newInstance(Constructor.java:480) ~[na:na]
	at org.springframework.beans.BeanUtils.instantiateClass(BeanUtils.java:194) ~[spring-beans-7.0.6.jar:7.0.6]
	... 26 common frames omitted

2026-04-12T16:10:59.079+05:30  INFO 21816 --- [restartedMain] com.HCl.VOCLMS.VoclmsApplication         : Starting VoclmsApplication using Java 17.0.12 with PID 21816 (C:\Users\lavur\Downloads\VOCLMS-main\VOCLMS-main\target\classes started by lavur in C:\Users\lavur\Downloads\VOCLMS-main\VOCLMS-main)
2026-04-12T16:10:59.083+05:30  INFO 21816 --- [restartedMain] com.HCl.VOCLMS.VoclmsApplication         : No active profile set, falling back to 1 default profile: "default"
2026-04-12T16:10:59.427+05:30  INFO 21816 --- [restartedMain] o.apache.catalina.core.StandardService   : Starting service [Tomcat]
2026-04-12T16:10:59.428+05:30  INFO 21816 --- [restartedMain] o.apache.catalina.core.StandardEngine    : Starting Servlet engine: [Apache Tomcat/11.0.20]
2026-04-12T16:10:59.543+05:30  INFO 21816 --- [restartedMain] com.zaxxer.hikari.HikariDataSource       : HikariPool-38 - Starting...
2026-04-12T16:10:59.639+05:30  INFO 21816 --- [restartedMain] com.zaxxer.hikari.pool.HikariPool        : HikariPool-38 - Added connection org.postgresql.jdbc.PgConnection@eed66bc
2026-04-12T16:10:59.641+05:30  INFO 21816 --- [restartedMain] com.zaxxer.hikari.HikariDataSource       : HikariPool-38 - Start completed.
2026-04-12T16:10:59.933+05:30  INFO 21816 --- [restartedMain] com.HCl.VOCLMS.VoclmsApplication         : Started VoclmsApplication in 0.906 seconds (process running for 24001.769)
2026-04-12T16:11:03.785+05:30  INFO 21816 --- [Thread-145] com.zaxxer.hikari.HikariDataSource       : HikariPool-38 - Shutdown initiated...
2026-04-12T16:11:03.788+05:30  INFO 21816 --- [Thread-145] com.zaxxer.hikari.HikariDataSource       : HikariPool-38 - Shutdown completed.
2026-04-12T16:11:03.917+05:30  INFO 21816 --- [restartedMain] com.HCl.VOCLMS.VoclmsApplication         : Starting VoclmsApplication using Java 17.0.12 with PID 21816 (C:\Users\lavur\Downloads\VOCLMS-main\VOCLMS-main\target\classes started by lavur in C:\Users\lavur\Downloads\VOCLMS-main\VOCLMS-main)
2026-04-12T16:11:03.919+05:30  INFO 21816 --- [restartedMain] com.HCl.VOCLMS.VoclmsApplication         : No active profile set, falling back to 1 default profile: "default"
2026-04-12T16:11:04.329+05:30  INFO 21816 --- [restartedMain] o.apache.catalina.core.StandardService   : Starting service [Tomcat]
2026-04-12T16:11:04.330+05:30  INFO 21816 --- [restartedMain] o.apache.catalina.core.StandardEngine    : Starting Servlet engine: [Apache Tomcat/11.0.20]
2026-04-12T16:11:04.425+05:30  INFO 21816 --- [restartedMain] com.zaxxer.hikari.HikariDataSource       : HikariPool-39 - Starting...
2026-04-12T16:11:04.506+05:30  INFO 21816 --- [restartedMain] com.zaxxer.hikari.pool.HikariPool        : HikariPool-39 - Added connection org.postgresql.jdbc.PgConnection@c289e
2026-04-12T16:11:04.506+05:30  INFO 21816 --- [restartedMain] com.zaxxer.hikari.HikariDataSource       : HikariPool-39 - Start completed.
2026-04-12T16:11:04.955+05:30  INFO 21816 --- [restartedMain] com.HCl.VOCLMS.VoclmsApplication         : Started VoclmsApplication in 1.069 seconds (process running for 24006.79)
2026-04-12T16:12:11.086+05:30  INFO 21816 --- [Thread-152] com.zaxxer.hikari.HikariDataSource       : HikariPool-39 - Shutdown initiated...
2026-04-12T16:12:11.089+05:30  INFO 21816 --- [Thread-152] com.zaxxer.hikari.HikariDataSource       : HikariPool-39 - Shutdown completed.
2026-04-12T16:12:11.218+05:30  INFO 21816 --- [restartedMain] com.HCl.VOCLMS.VoclmsApplication         : Starting VoclmsApplication using Java 17.0.12 with PID 21816 (C:\Users\lavur\Downloads\VOCLMS-main\VOCLMS-main\target\classes started by lavur in C:\Users\lavur\Downloads\VOCLMS-main\VOCLMS-main)
2026-04-12T16:12:11.218+05:30  INFO 21816 --- [restartedMain] com.HCl.VOCLMS.VoclmsApplication         : No active profile set, falling back to 1 default profile: "default"
2026-04-12T16:12:11.525+05:30  INFO 21816 --- [restartedMain] o.apache.catalina.core.StandardService   : Starting service [Tomcat]
2026-04-12T16:12:11.526+05:30  INFO 21816 --- [restartedMain] o.apache.catalina.core.StandardEngine    : Starting Servlet engine: [Apache Tomcat/11.0.20]
2026-04-12T16:12:11.625+05:30  INFO 21816 --- [restartedMain] com.zaxxer.hikari.HikariDataSource       : HikariPool-40 - Starting...
2026-04-12T16:12:11.721+05:30  INFO 21816 --- [restartedMain] com.zaxxer.hikari.pool.HikariPool        : HikariPool-40 - Added connection org.postgresql.jdbc.PgConnection@3140b67
2026-04-12T16:12:11.722+05:30  INFO 21816 --- [restartedMain] com.zaxxer.hikari.HikariDataSource       : HikariPool-40 - Start completed.
2026-04-12T16:12:11.995+05:30  INFO 21816 --- [restartedMain] com.zaxxer.hikari.HikariDataSource       : HikariPool-40 - Shutdown initiated...
2026-04-12T16:12:12.054+05:30  INFO 21816 --- [restartedMain] com.zaxxer.hikari.HikariDataSource       : HikariPool-40 - Shutdown completed.
2026-04-12T16:12:12.055+05:30  INFO 21816 --- [restartedMain] o.apache.catalina.core.StandardService   : Stopping service [Tomcat]
2026-04-12T16:12:12.063+05:30 ERROR 21816 --- [restartedMain] o.s.boot.SpringApplication               : Application run failed

org.springframework.beans.factory.BeanCreationException: Error creating bean with name 'vendorPerformanceController': Lookup method resolution failed
	at org.springframework.beans.factory.annotation.AutowiredAnnotationBeanPostProcessor.checkLookupMethods(AutowiredAnnotationBeanPostProcessor.java:482) ~[spring-beans-7.0.6.jar:7.0.6]
	at org.springframework.beans.factory.annotation.AutowiredAnnotationBeanPostProcessor.determineCandidateConstructors(AutowiredAnnotationBeanPostProcessor.java:352) ~[spring-beans-7.0.6.jar:7.0.6]
	at org.springframework.beans.factory.support.AbstractAutowireCapableBeanFactory.determineConstructorsFromBeanPostProcessors(AbstractAutowireCapableBeanFactory.java:1321) ~[spring-beans-7.0.6.jar:7.0.6]
	at org.springframework.beans.factory.support.AbstractAutowireCapableBeanFactory.createBeanInstance(AbstractAutowireCapableBeanFactory.java:1218) ~[spring-beans-7.0.6.jar:7.0.6]
	at org.springframework.beans.factory.support.AbstractAutowireCapableBeanFactory.doCreateBean(AbstractAutowireCapableBeanFactory.java:565) ~[spring-beans-7.0.6.jar:7.0.6]
	at org.springframework.beans.factory.support.AbstractAutowireCapableBeanFactory.createBean(AbstractAutowireCapableBeanFactory.java:525) ~[spring-beans-7.0.6.jar:7.0.6]
	at org.springframework.beans.factory.support.AbstractBeanFactory.lambda$doGetBean$0(AbstractBeanFactory.java:333) ~[spring-beans-7.0.6.jar:7.0.6]
	at org.springframework.beans.factory.support.DefaultSingletonBeanRegistry.getSingleton(DefaultSingletonBeanRegistry.java:371) ~[spring-beans-7.0.6.jar:7.0.6]
	at org.springframework.beans.factory.support.AbstractBeanFactory.doGetBean(AbstractBeanFactory.java:331) ~[spring-beans-7.0.6.jar:7.0.6]
	at org.springframework.beans.factory.support.AbstractBeanFactory.getBean(AbstractBeanFactory.java:196) ~[spring-beans-7.0.6.jar:7.0.6]
	at org.springframework.beans.factory.support.DefaultListableBeanFactory.instantiateSingleton(DefaultListableBeanFactory.java:1218) ~[spring-beans-7.0.6.jar:7.0.6]
	at org.springframework.beans.factory.support.DefaultListableBeanFactory.preInstantiateSingleton(DefaultListableBeanFactory.java:1184) ~[spring-beans-7.0.6.jar:7.0.6]
	at org.springframework.beans.factory.support.DefaultListableBeanFactory.preInstantiateSingletons(DefaultListableBeanFactory.java:1121) ~[spring-beans-7.0.6.jar:7.0.6]
	at org.springframework.context.support.AbstractApplicationContext.finishBeanFactoryInitialization(AbstractApplicationContext.java:994) ~[spring-context-7.0.6.jar:7.0.6]
	at org.springframework.context.support.AbstractApplicationContext.refresh(AbstractApplicationContext.java:621) ~[spring-context-7.0.6.jar:7.0.6]
	at org.springframework.boot.web.server.servlet.context.ServletWebServerApplicationContext.refresh(ServletWebServerApplicationContext.java:143) ~[spring-boot-web-server-4.0.5.jar:4.0.5]
	at org.springframework.boot.SpringApplication.refresh(SpringApplication.java:756) ~[spring-boot-4.0.5.jar:4.0.5]
	at org.springframework.boot.SpringApplication.refreshContext(SpringApplication.java:445) ~[spring-boot-4.0.5.jar:4.0.5]
	at org.springframework.boot.SpringApplication.run(SpringApplication.java:321) ~[spring-boot-4.0.5.jar:4.0.5]
	at org.springframework.boot.SpringApplication.run(SpringApplication.java:1365) ~[spring-boot-4.0.5.jar:4.0.5]
	at org.springframework.boot.SpringApplication.run(SpringApplication.java:1354) ~[spring-boot-4.0.5.jar:4.0.5]
	at com.HCl.VOCLMS.VoclmsApplication.main(VoclmsApplication.java:10) ~[classes/:na]
	at java.base/jdk.internal.reflect.NativeMethodAccessorImpl.invoke0(Native Method) ~[na:na]
	at java.base/jdk.internal.reflect.NativeMethodAccessorImpl.invoke(NativeMethodAccessorImpl.java:77) ~[na:na]
	at java.base/jdk.internal.reflect.DelegatingMethodAccessorImpl.invoke(DelegatingMethodAccessorImpl.java:43) ~[na:na]
	at java.base/java.lang.reflect.Method.invoke(Method.java:568) ~[na:na]
	at org.springframework.boot.devtools.restart.RestartLauncher.run(RestartLauncher.java:52) ~[spring-boot-devtools-4.0.5.jar:4.0.5]
Caused by: java.lang.IllegalStateException: Failed to introspect Class [com.HCl.VOCLMS.controller.VendorPerformanceController] from ClassLoader [org.springframework.boot.devtools.restart.classloader.RestartClassLoader@579a00ca]
	at org.springframework.util.ReflectionUtils.getDeclaredMethods(ReflectionUtils.java:483) ~[spring-core-7.0.6.jar:7.0.6]
	at org.springframework.util.ReflectionUtils.doWithLocalMethods(ReflectionUtils.java:320) ~[spring-core-7.0.6.jar:7.0.6]
	at org.springframework.beans.factory.annotation.AutowiredAnnotationBeanPostProcessor.checkLookupMethods(AutowiredAnnotationBeanPostProcessor.java:460) ~[spring-beans-7.0.6.jar:7.0.6]
	... 26 common frames omitted
Caused by: java.lang.NoClassDefFoundError: VendorPerformanceLog
	at java.base/java.lang.Class.getDeclaredMethods0(Native Method) ~[na:na]
	at java.base/java.lang.Class.privateGetDeclaredMethods(Class.java:3402) ~[na:na]
	at java.base/java.lang.Class.getDeclaredMethods(Class.java:2504) ~[na:na]
	at org.springframework.util.ReflectionUtils.getDeclaredMethods(ReflectionUtils.java:465) ~[spring-core-7.0.6.jar:7.0.6]
	... 28 common frames omitted
Caused by: java.lang.ClassNotFoundException: VendorPerformanceLog
	at java.base/jdk.internal.loader.BuiltinClassLoader.loadClass(BuiltinClassLoader.java:641) ~[na:na]
	at java.base/jdk.internal.loader.ClassLoaders$AppClassLoader.loadClass(ClassLoaders.java:188) ~[na:na]
	at java.base/java.lang.ClassLoader.loadClass(ClassLoader.java:525) ~[na:na]
	at java.base/java.lang.Class.forName0(Native Method) ~[na:na]
	at java.base/java.lang.Class.forName(Class.java:467) ~[na:na]
	at org.springframework.boot.devtools.restart.classloader.RestartClassLoader.loadClass(RestartClassLoader.java:123) ~[spring-boot-devtools-4.0.5.jar:4.0.5]
	at java.base/java.lang.ClassLoader.loadClass(ClassLoader.java:525) ~[na:na]
	... 32 common frames omitted

2026-04-12T16:12:35.070+05:30  INFO 21816 --- [restartedMain] com.HCl.VOCLMS.VoclmsApplication         : Starting VoclmsApplication using Java 17.0.12 with PID 21816 (C:\Users\lavur\Downloads\VOCLMS-main\VOCLMS-main\target\classes started by lavur in C:\Users\lavur\Downloads\VOCLMS-main\VOCLMS-main)
2026-04-12T16:12:35.071+05:30  INFO 21816 --- [restartedMain] com.HCl.VOCLMS.VoclmsApplication         : No active profile set, falling back to 1 default profile: "default"
2026-04-12T16:12:35.377+05:30  INFO 21816 --- [restartedMain] o.apache.catalina.core.StandardService   : Starting service [Tomcat]
2026-04-12T16:12:35.378+05:30  INFO 21816 --- [restartedMain] o.apache.catalina.core.StandardEngine    : Starting Servlet engine: [Apache Tomcat/11.0.20]
2026-04-12T16:12:35.501+05:30  INFO 21816 --- [restartedMain] com.zaxxer.hikari.HikariDataSource       : HikariPool-41 - Starting...
2026-04-12T16:12:35.602+05:30  INFO 21816 --- [restartedMain] com.zaxxer.hikari.pool.HikariPool        : HikariPool-41 - Added connection org.postgresql.jdbc.PgConnection@163cd39
2026-04-12T16:12:35.603+05:30  INFO 21816 --- [restartedMain] com.zaxxer.hikari.HikariDataSource       : HikariPool-41 - Start completed.
2026-04-12T16:12:35.949+05:30  INFO 21816 --- [restartedMain] com.HCl.VOCLMS.VoclmsApplication         : Started VoclmsApplication in 0.904 seconds (process running for 24097.784)
2026-04-12T16:12:39.337+05:30  INFO 21816 --- [Thread-156] com.zaxxer.hikari.HikariDataSource       : HikariPool-41 - Shutdown initiated...
2026-04-12T16:12:39.343+05:30  INFO 21816 --- [Thread-156] com.zaxxer.hikari.HikariDataSource       : HikariPool-41 - Shutdown completed.
2026-04-12T16:12:39.457+05:30  INFO 21816 --- [restartedMain] com.HCl.VOCLMS.VoclmsApplication         : Starting VoclmsApplication using Java 17.0.12 with PID 21816 (C:\Users\lavur\Downloads\VOCLMS-main\VOCLMS-main\target\classes started by lavur in C:\Users\lavur\Downloads\VOCLMS-main\VOCLMS-main)
2026-04-12T16:12:39.458+05:30  INFO 21816 --- [restartedMain] com.HCl.VOCLMS.VoclmsApplication         : No active profile set, falling back to 1 default profile: "default"
2026-04-12T16:12:39.769+05:30  INFO 21816 --- [restartedMain] o.apache.catalina.core.StandardService   : Starting service [Tomcat]
2026-04-12T16:12:39.770+05:30  INFO 21816 --- [restartedMain] o.apache.catalina.core.StandardEngine    : Starting Servlet engine: [Apache Tomcat/11.0.20]
2026-04-12T16:12:39.881+05:30  INFO 21816 --- [restartedMain] com.zaxxer.hikari.HikariDataSource       : HikariPool-42 - Starting...
2026-04-12T16:12:39.969+05:30  INFO 21816 --- [restartedMain] com.zaxxer.hikari.pool.HikariPool        : HikariPool-42 - Added connection org.postgresql.jdbc.PgConnection@3992b608
2026-04-12T16:12:39.969+05:30  INFO 21816 --- [restartedMain] com.zaxxer.hikari.HikariDataSource       : HikariPool-42 - Start completed.
2026-04-12T16:12:40.448+05:30  INFO 21816 --- [restartedMain] com.HCl.VOCLMS.VoclmsApplication         : Started VoclmsApplication in 1.013 seconds (process running for 24102.283)
2026-04-12T16:13:57.617+05:30  INFO 21816 --- [SpringApplicationShutdownHook] com.zaxxer.hikari.HikariDataSource       : HikariPool-42 - Shutdown initiated...
2026-04-12T16:13:57.627+05:30  INFO 21816 --- [SpringApplicationShutdownHook] com.zaxxer.hikari.HikariDataSource       : HikariPool-42 - Shutdown completed.
2026-04-12T16:14:11.329+05:30  INFO 45936 --- [restartedMain] com.HCl.VOCLMS.VoclmsApplication         : Starting VoclmsApplication using Java 17.0.12 with PID 45936 (C:\Users\lavur\Downloads\VOCLMS-main\VOCLMS-main\target\classes started by lavur in C:\Users\lavur\Downloads\VOCLMS-main\VOCLMS-main)
2026-04-12T16:14:11.335+05:30  INFO 45936 --- [restartedMain] com.HCl.VOCLMS.VoclmsApplication         : No active profile set, falling back to 1 default profile: "default"
2026-04-12T16:14:13.477+05:30  INFO 45936 --- [restartedMain] o.apache.catalina.core.StandardService   : Starting service [Tomcat]
2026-04-12T16:14:13.479+05:30  INFO 45936 --- [restartedMain] o.apache.catalina.core.StandardEngine    : Starting Servlet engine: [Apache Tomcat/11.0.20]
2026-04-12T16:14:14.794+05:30  INFO 45936 --- [restartedMain] com.zaxxer.hikari.HikariDataSource       : HikariPool-1 - Starting...
2026-04-12T16:14:15.073+05:30  INFO 45936 --- [restartedMain] com.zaxxer.hikari.pool.HikariPool        : HikariPool-1 - Added connection org.postgresql.jdbc.PgConnection@1c618a3a
2026-04-12T16:14:15.078+05:30  INFO 45936 --- [restartedMain] com.zaxxer.hikari.HikariDataSource       : HikariPool-1 - Start completed.
2026-04-12T16:14:18.314+05:30  INFO 45936 --- [restartedMain] com.HCl.VOCLMS.VoclmsApplication         : Started VoclmsApplication in 7.628 seconds (process running for 8.279)
2026-04-12T16:14:39.044+05:30  INFO 45936 --- [http-nio-8080-exec-1] o.a.c.c.C.[Tomcat].[localhost].[/]       : Initializing Spring DispatcherServlet 'dispatcherServlet'
2026-04-12T16:15:54.804+05:30  INFO 45936 --- [SpringApplicationShutdownHook] com.zaxxer.hikari.HikariDataSource       : HikariPool-1 - Shutdown initiated...
2026-04-12T16:15:54.835+05:30  INFO 45936 --- [SpringApplicationShutdownHook] com.zaxxer.hikari.HikariDataSource       : HikariPool-1 - Shutdown completed.
2026-04-12T16:18:10.981+05:30  INFO 40380 --- [restartedMain] com.HCl.VOCLMS.VoclmsApplication         : Starting VoclmsApplication using Java 25.0.2 with PID 40380 (C:\Users\lavur\Downloads\VOCLMS-main\VOCLMS-main\target\classes started by lavur in C:\Users\lavur\Downloads\VOCLMS-main\VOCLMS-main)
2026-04-12T16:18:10.988+05:30  INFO 40380 --- [restartedMain] com.HCl.VOCLMS.VoclmsApplication         : No active profile set, falling back to 1 default profile: "default"
2026-04-12T16:18:13.662+05:30  INFO 40380 --- [restartedMain] o.apache.catalina.core.StandardService   : Starting service [Tomcat]
2026-04-12T16:18:13.663+05:30  INFO 40380 --- [restartedMain] o.apache.catalina.core.StandardEngine    : Starting Servlet engine: [Apache Tomcat/11.0.20]
2026-04-12T16:18:15.022+05:30  INFO 40380 --- [restartedMain] com.zaxxer.hikari.HikariDataSource       : HikariPool-1 - Starting...
2026-04-12T16:18:15.434+05:30  INFO 40380 --- [restartedMain] com.zaxxer.hikari.pool.HikariPool        : HikariPool-1 - Added connection org.postgresql.jdbc.PgConnection@d3115f7
2026-04-12T16:18:15.438+05:30  INFO 40380 --- [restartedMain] com.zaxxer.hikari.HikariDataSource       : HikariPool-1 - Start completed.
2026-04-12T16:18:18.635+05:30  INFO 40380 --- [restartedMain] com.HCl.VOCLMS.VoclmsApplication         : Started VoclmsApplication in 8.756 seconds (process running for 9.759)
2026-04-12T16:22:21.142+05:30  INFO 40380 --- [Thread-1] com.zaxxer.hikari.HikariDataSource       : HikariPool-1 - Shutdown initiated...
2026-04-12T16:22:21.151+05:30  INFO 40380 --- [Thread-1] com.zaxxer.hikari.HikariDataSource       : HikariPool-1 - Shutdown completed.
2026-04-12T16:22:21.306+05:30  INFO 40380 --- [restartedMain] com.HCl.VOCLMS.VoclmsApplication         : Starting VoclmsApplication using Java 25.0.2 with PID 40380 (C:\Users\lavur\Downloads\VOCLMS-main\VOCLMS-main\target\classes started by lavur in C:\Users\lavur\Downloads\VOCLMS-main\VOCLMS-main)
2026-04-12T16:22:21.308+05:30  INFO 40380 --- [restartedMain] com.HCl.VOCLMS.VoclmsApplication         : No active profile set, falling back to 1 default profile: "default"
2026-04-12T16:22:22.510+05:30  INFO 40380 --- [restartedMain] o.apache.catalina.core.StandardService   : Starting service [Tomcat]
2026-04-12T16:22:22.511+05:30  INFO 40380 --- [restartedMain] o.apache.catalina.core.StandardEngine    : Starting Servlet engine: [Apache Tomcat/11.0.20]
2026-04-12T16:22:23.010+05:30  INFO 40380 --- [restartedMain] com.zaxxer.hikari.HikariDataSource       : HikariPool-2 - Starting...
2026-04-12T16:22:23.232+05:30  INFO 40380 --- [restartedMain] com.zaxxer.hikari.pool.HikariPool        : HikariPool-2 - Added connection org.postgresql.jdbc.PgConnection@107ca9b5
2026-04-12T16:22:23.235+05:30  INFO 40380 --- [restartedMain] com.zaxxer.hikari.HikariDataSource       : HikariPool-2 - Start completed.
2026-04-12T16:22:24.659+05:30  INFO 40380 --- [restartedMain] com.HCl.VOCLMS.VoclmsApplication         : Started VoclmsApplication in 3.4 seconds (process running for 255.782)
2026-04-12T16:22:26.053+05:30  INFO 40380 --- [Thread-5] com.zaxxer.hikari.HikariDataSource       : HikariPool-2 - Shutdown initiated...
2026-04-12T16:22:26.056+05:30  INFO 40380 --- [Thread-5] com.zaxxer.hikari.HikariDataSource       : HikariPool-2 - Shutdown completed.
2026-04-12T16:22:26.161+05:30  INFO 40380 --- [restartedMain] com.HCl.VOCLMS.VoclmsApplication         : Starting VoclmsApplication using Java 25.0.2 with PID 40380 (C:\Users\lavur\Downloads\VOCLMS-main\VOCLMS-main\target\classes started by lavur in C:\Users\lavur\Downloads\VOCLMS-main\VOCLMS-main)
2026-04-12T16:22:26.161+05:30  INFO 40380 --- [restartedMain] com.HCl.VOCLMS.VoclmsApplication         : No active profile set, falling back to 1 default profile: "default"
2026-04-12T16:22:26.718+05:30  INFO 40380 --- [restartedMain] o.apache.catalina.core.StandardService   : Starting service [Tomcat]
2026-04-12T16:22:26.719+05:30  INFO 40380 --- [restartedMain] o.apache.catalina.core.StandardEngine    : Starting Servlet engine: [Apache Tomcat/11.0.20]
2026-04-12T16:22:26.889+05:30  INFO 40380 --- [restartedMain] com.zaxxer.hikari.HikariDataSource       : HikariPool-3 - Starting...
2026-04-12T16:22:27.002+05:30  INFO 40380 --- [restartedMain] com.zaxxer.hikari.pool.HikariPool        : HikariPool-3 - Added connection org.postgresql.jdbc.PgConnection@3e584ff0
2026-04-12T16:22:27.004+05:30  INFO 40380 --- [restartedMain] com.zaxxer.hikari.HikariDataSource       : HikariPool-3 - Start completed.
2026-04-12T16:22:27.722+05:30  INFO 40380 --- [restartedMain] com.HCl.VOCLMS.VoclmsApplication         : Started VoclmsApplication in 1.594 seconds (process running for 258.845)
2026-04-12T16:31:05.862+05:30  INFO 32152 --- [restartedMain] com.HCl.VOCLMS.VoclmsApplication         : Starting VoclmsApplication using Java 25.0.2 with PID 32152 (C:\Users\lavur\Downloads\VOCLMS-main\VOCLMS-main\target\classes started by lavur in C:\Users\lavur\Downloads\VOCLMS-main\VOCLMS-main)
2026-04-12T16:31:05.918+05:30  INFO 32152 --- [restartedMain] com.HCl.VOCLMS.VoclmsApplication         : No active profile set, falling back to 1 default profile: "default"
2026-04-12T16:31:19.167+05:30  INFO 32152 --- [restartedMain] o.apache.catalina.core.StandardService   : Starting service [Tomcat]
2026-04-12T16:31:19.170+05:30  INFO 32152 --- [restartedMain] o.apache.catalina.core.StandardEngine    : Starting Servlet engine: [Apache Tomcat/11.0.20]
2026-04-12T16:31:24.539+05:30  INFO 32152 --- [restartedMain] com.zaxxer.hikari.HikariDataSource       : HikariPool-1 - Starting...
2026-04-12T16:31:24.958+05:30  INFO 32152 --- [restartedMain] com.zaxxer.hikari.pool.HikariPool        : HikariPool-1 - Added connection org.postgresql.jdbc.PgConnection@5fc18fd4
2026-04-12T16:31:24.961+05:30  INFO 32152 --- [restartedMain] com.zaxxer.hikari.HikariDataSource       : HikariPool-1 - Start completed.
2026-04-12T16:31:30.511+05:30  INFO 32152 --- [restartedMain] com.HCl.VOCLMS.VoclmsApplication         : Started VoclmsApplication in 27.176 seconds (process running for 30.27)
2026-04-12T16:32:39.078+05:30  INFO 32152 --- [http-nio-8080-exec-1] o.a.c.c.C.[Tomcat].[localhost].[/]       : Initializing Spring DispatcherServlet 'dispatcherServlet'
2026-04-12T16:33:25.091+05:30  INFO 32152 --- [SpringApplicationShutdownHook] com.zaxxer.hikari.HikariDataSource       : HikariPool-1 - Shutdown initiated...
2026-04-12T16:33:25.096+05:30  INFO 32152 --- [SpringApplicationShutdownHook] com.zaxxer.hikari.HikariDataSource       : HikariPool-1 - Shutdown completed.
